ARM GAS  C:\Users\User\AppData\Local\Temp\ccNJOScP.s 			page 1


   1              		.syntax unified
   2              		.cpu cortex-m0
   3              		.fpu softvfp
   4              		.eabi_attribute 20, 1
   5              		.eabi_attribute 21, 1
   6              		.eabi_attribute 23, 3
   7              		.eabi_attribute 24, 1
   8              		.eabi_attribute 25, 1
   9              		.eabi_attribute 26, 1
  10              		.eabi_attribute 30, 1
  11              		.eabi_attribute 34, 0
  12              		.eabi_attribute 18, 4
  13              		.thumb
  14              		.syntax unified
  15              		.file	"main.c"
  16              		.text
  17              	.Ltext0:
  18              		.cfi_sections	.debug_frame
  19              		.section	.text.isr_100Hz,"ax",%progbits
  20              		.align	2
  21              		.global	isr_100Hz
  22              		.code	16
  23              		.thumb_func
  24              		.type	isr_100Hz, %function
  25              	isr_100Hz:
  26              	.LFB35:
  27              		.file 1 "main.c"
   1:main.c        **** /* ========================================
   2:main.c        ****  *
   3:main.c        ****  * Copyright YOUR COMPANY, THE YEAR
   4:main.c        ****  * All Rights Reserved
   5:main.c        ****  * UNPUBLISHED, LICENSED SOFTWARE.
   6:main.c        ****  *
   7:main.c        ****  * CONFIDENTIAL AND PROPRIETARY INFORMATION
   8:main.c        ****  * WHICH IS THE PROPERTY OF your company.
   9:main.c        ****  *
  10:main.c        ****  * ========================================
  11:main.c        **** */
  12:main.c        **** #include "project.h"
  13:main.c        **** 
  14:main.c        **** void out7seg(uint16);
  15:main.c        **** 
  16:main.c        **** uint16 indyk[4]         = {0x10FF,0x20FF,0x40FF,0x80FF};
  17:main.c        **** const uint8 KOD7[10]    = {0x03,0x9F,0x25,0x0D,0x99,0x49,0x41,0x1F,0x01,0x09};
  18:main.c        **** 
  19:main.c        **** CY_ISR(isr_100Hz)
  20:main.c        **** {
  28              		.loc 1 20 0
  29              		.cfi_startproc
  30              		@ args = 0, pretend = 0, frame = 0
  31              		@ frame_needed = 0, uses_anonymous_args = 0
  32 0000 10B5     		push	{r4, lr}
  33              		.cfi_def_cfa_offset 8
  34              		.cfi_offset 4, -8
  35              		.cfi_offset 14, -4
  21:main.c        ****     static uint8 N_indyk = 0u;
  22:main.c        ****     
ARM GAS  C:\Users\User\AppData\Local\Temp\ccNJOScP.s 			page 2


  23:main.c        ****     SPIM_WriteTxData(indyk[N_indyk]);
  36              		.loc 1 23 0
  37 0002 064C     		ldr	r4, .L2
  38 0004 2378     		ldrb	r3, [r4]
  39 0006 5B00     		lsls	r3, r3, #1
  40 0008 054A     		ldr	r2, .L2+4
  41 000a 985A     		ldrh	r0, [r3, r2]
  42 000c FFF7FEFF 		bl	SPIM_WriteTxData
  43              	.LVL0:
  24:main.c        ****     
  25:main.c        ****     N_indyk++;
  44              		.loc 1 25 0
  45 0010 2378     		ldrb	r3, [r4]
  46 0012 0133     		adds	r3, r3, #1
  26:main.c        ****     N_indyk &= 3;    
  47              		.loc 1 26 0
  48 0014 0322     		movs	r2, #3
  49 0016 1340     		ands	r3, r2
  50 0018 2370     		strb	r3, [r4]
  27:main.c        **** }
  51              		.loc 1 27 0
  52              		@ sp needed
  53 001a 10BD     		pop	{r4, pc}
  54              	.L3:
  55              		.align	2
  56              	.L2:
  57 001c 00000000 		.word	.LANCHOR1
  58 0020 00000000 		.word	.LANCHOR0
  59              		.cfi_endproc
  60              	.LFE35:
  61              		.size	isr_100Hz, .-isr_100Hz
  62              		.global	__aeabi_uidivmod
  63              		.global	__aeabi_uidiv
  64              		.section	.text.out7seg,"ax",%progbits
  65              		.align	2
  66              		.global	out7seg
  67              		.code	16
  68              		.thumb_func
  69              		.type	out7seg, %function
  70              	out7seg:
  71              	.LFB36:
  28:main.c        **** 
  29:main.c        **** void out7seg(uint16 data)
  30:main.c        **** {
  72              		.loc 1 30 0
  73              		.cfi_startproc
  74              		@ args = 0, pretend = 0, frame = 0
  75              		@ frame_needed = 0, uses_anonymous_args = 0
  76              	.LVL1:
  77 0000 F0B5     		push	{r4, r5, r6, r7, lr}
  78              		.cfi_def_cfa_offset 20
  79              		.cfi_offset 4, -20
  80              		.cfi_offset 5, -16
  81              		.cfi_offset 6, -12
  82              		.cfi_offset 7, -8
  83              		.cfi_offset 14, -4
  84 0002 4746     		mov	r7, r8
ARM GAS  C:\Users\User\AppData\Local\Temp\ccNJOScP.s 			page 3


  85 0004 80B4     		push	{r7}
  86              		.cfi_def_cfa_offset 24
  87              		.cfi_offset 8, -24
  88 0006 0500     		movs	r5, r0
  89              	.LVL2:
  31:main.c        ****     uint8 i;
  32:main.c        ****     
  33:main.c        ****     for (i = 0; i < 4; i++)
  90              		.loc 1 33 0
  91 0008 0024     		movs	r4, #0
  92 000a 1AE0     		b	.L5
  93              	.LVL3:
  94              	.L7:
  34:main.c        ****     {
  35:main.c        ****         indyk[i] &= 0xFF00;
  95              		.loc 1 35 0
  96 000c 164F     		ldr	r7, .L10
  97 000e 6300     		lsls	r3, r4, #1
  98 0010 9846     		mov	r8, r3
  99 0012 DE5B     		ldrh	r6, [r3, r7]
 100 0014 FF23     		movs	r3, #255
 101 0016 9E43     		bics	r6, r3
 102 0018 4346     		mov	r3, r8
 103 001a DE53     		strh	r6, [r3, r7]
  36:main.c        ****         indyk[i] |= (uint16)KOD7[data % 10];
 104              		.loc 1 36 0
 105 001c 0A21     		movs	r1, #10
 106 001e 2800     		movs	r0, r5
 107 0020 FFF7FEFF 		bl	__aeabi_uidivmod
 108              	.LVL4:
 109 0024 89B2     		uxth	r1, r1
 110 0026 114B     		ldr	r3, .L10+4
 111 0028 5B5C     		ldrb	r3, [r3, r1]
 112 002a 1E43     		orrs	r6, r3
 113 002c 4346     		mov	r3, r8
 114 002e DE53     		strh	r6, [r3, r7]
  37:main.c        ****         data /= 10;
 115              		.loc 1 37 0
 116 0030 0A21     		movs	r1, #10
 117 0032 2800     		movs	r0, r5
 118 0034 FFF7FEFF 		bl	__aeabi_uidiv
 119              	.LVL5:
 120 0038 85B2     		uxth	r5, r0
 121              	.LVL6:
  38:main.c        ****         if (data == 0) break;
 122              		.loc 1 38 0
 123 003a 002D     		cmp	r5, #0
 124 003c 03D0     		beq	.L6
  33:main.c        ****     {
 125              		.loc 1 33 0 discriminator 2
 126 003e 0134     		adds	r4, r4, #1
 127              	.LVL7:
 128 0040 E4B2     		uxtb	r4, r4
 129              	.LVL8:
 130              	.L5:
  33:main.c        ****     {
 131              		.loc 1 33 0 is_stmt 0 discriminator 1
ARM GAS  C:\Users\User\AppData\Local\Temp\ccNJOScP.s 			page 4


 132 0042 032C     		cmp	r4, #3
 133 0044 E2D9     		bls	.L7
 134              	.L6:
  39:main.c        ****     }
  40:main.c        ****     
  41:main.c        ****     for (i++; i < 4; i++)
 135              		.loc 1 41 0 is_stmt 1
 136 0046 0134     		adds	r4, r4, #1
 137              	.LVL9:
 138 0048 E3B2     		uxtb	r3, r4
 139              	.LVL10:
 140 004a 07E0     		b	.L8
 141              	.L9:
  42:main.c        ****     {
  43:main.c        ****         indyk[i] |= 0x00FF;
 142              		.loc 1 43 0 discriminator 3
 143 004c 0649     		ldr	r1, .L10
 144 004e 5800     		lsls	r0, r3, #1
 145 0050 445A     		ldrh	r4, [r0, r1]
 146 0052 FF22     		movs	r2, #255
 147 0054 2243     		orrs	r2, r4
 148 0056 4252     		strh	r2, [r0, r1]
  41:main.c        ****     {
 149              		.loc 1 41 0 discriminator 3
 150 0058 0133     		adds	r3, r3, #1
 151              	.LVL11:
 152 005a DBB2     		uxtb	r3, r3
 153              	.LVL12:
 154              	.L8:
  41:main.c        ****     {
 155              		.loc 1 41 0 is_stmt 0 discriminator 1
 156 005c 032B     		cmp	r3, #3
 157 005e F5D9     		bls	.L9
  44:main.c        ****     }
  45:main.c        **** }
 158              		.loc 1 45 0 is_stmt 1
 159              		@ sp needed
 160              	.LVL13:
 161 0060 04BC     		pop	{r2}
 162 0062 9046     		mov	r8, r2
 163 0064 F0BD     		pop	{r4, r5, r6, r7, pc}
 164              	.L11:
 165 0066 C046     		.align	2
 166              	.L10:
 167 0068 00000000 		.word	.LANCHOR0
 168 006c 00000000 		.word	.LANCHOR2
 169              		.cfi_endproc
 170              	.LFE36:
 171              		.size	out7seg, .-out7seg
 172              		.section	.text.main,"ax",%progbits
 173              		.align	2
 174              		.global	main
 175              		.code	16
 176              		.thumb_func
 177              		.type	main, %function
 178              	main:
 179              	.LFB37:
ARM GAS  C:\Users\User\AppData\Local\Temp\ccNJOScP.s 			page 5


  46:main.c        **** 
  47:main.c        **** int main(void)
  48:main.c        **** {
 180              		.loc 1 48 0
 181              		.cfi_startproc
 182              		@ args = 0, pretend = 0, frame = 0
 183              		@ frame_needed = 0, uses_anonymous_args = 0
 184 0000 10B5     		push	{r4, lr}
 185              		.cfi_def_cfa_offset 8
 186              		.cfi_offset 4, -8
 187              		.cfi_offset 14, -4
 188              	.LVL14:
  49:main.c        ****     uint16 counter = 0;
  50:main.c        ****     
  51:main.c        ****     CyGlobalIntEnable; /* Enable global interrupts. */
 189              		.loc 1 51 0
 190              		.syntax divided
 191              	@ 51 "main.c" 1
 192 0002 62B6     		CPSIE   i
 193              	@ 0 "" 2
  52:main.c        ****     
  53:main.c        ****     SPIM_Start();
 194              		.loc 1 53 0
 195              		.thumb
 196              		.syntax unified
 197 0004 FFF7FEFF 		bl	SPIM_Start
 198              	.LVL15:
  54:main.c        ****     isr_100Hz_StartEx(isr_100Hz);
 199              		.loc 1 54 0
 200 0008 0D48     		ldr	r0, .L18
 201 000a FFF7FEFF 		bl	isr_100Hz_StartEx
 202              	.LVL16:
  49:main.c        ****     uint16 counter = 0;
 203              		.loc 1 49 0
 204 000e 0024     		movs	r4, #0
 205 0010 00E0     		b	.L13
 206              	.LVL17:
 207              	.L17:
  55:main.c        **** 
  56:main.c        ****     for(;;)
  57:main.c        ****     {
  58:main.c        ****         counter++;
  59:main.c        ****         out7seg(counter);
  60:main.c        ****         
  61:main.c        ****         CyDelay(300);
  62:main.c        ****         
  63:main.c        ****         if (Pin_B1_Read() == 0)
  64:main.c        ****         {
  65:main.c        ****             CyDelay(700);
  66:main.c        ****         }
  67:main.c        ****         if (Pin_B2_Read() == 0) {
  68:main.c        ****             counter = 0;
 208              		.loc 1 68 0
 209 0012 0024     		movs	r4, #0
 210              	.LVL18:
 211              	.L13:
  58:main.c        ****         out7seg(counter);
ARM GAS  C:\Users\User\AppData\Local\Temp\ccNJOScP.s 			page 6


 212              		.loc 1 58 0
 213 0014 0134     		adds	r4, r4, #1
 214              	.LVL19:
 215 0016 A4B2     		uxth	r4, r4
 216              	.LVL20:
  59:main.c        ****         
 217              		.loc 1 59 0
 218 0018 2000     		movs	r0, r4
 219 001a FFF7FEFF 		bl	out7seg
 220              	.LVL21:
  61:main.c        ****         
 221              		.loc 1 61 0
 222 001e 9620     		movs	r0, #150
 223 0020 4000     		lsls	r0, r0, #1
 224 0022 FFF7FEFF 		bl	CyDelay
 225              	.LVL22:
  63:main.c        ****         {
 226              		.loc 1 63 0
 227 0026 FFF7FEFF 		bl	Pin_B1_Read
 228              	.LVL23:
 229 002a 0028     		cmp	r0, #0
 230 002c 03D1     		bne	.L14
  65:main.c        ****         }
 231              		.loc 1 65 0
 232 002e AF20     		movs	r0, #175
 233 0030 8000     		lsls	r0, r0, #2
 234 0032 FFF7FEFF 		bl	CyDelay
 235              	.LVL24:
 236              	.L14:
  67:main.c        ****             counter = 0;
 237              		.loc 1 67 0
 238 0036 FFF7FEFF 		bl	Pin_B2_Read
 239              	.LVL25:
 240 003a 0028     		cmp	r0, #0
 241 003c E9D0     		beq	.L17
 242 003e E9E7     		b	.L13
 243              	.L19:
 244              		.align	2
 245              	.L18:
 246 0040 00000000 		.word	isr_100Hz
 247              		.cfi_endproc
 248              	.LFE37:
 249              		.size	main, .-main
 250              		.global	KOD7
 251              		.global	indyk
 252              		.section	.rodata
 253              		.align	2
 254              		.set	.LANCHOR2,. + 0
 255              		.type	KOD7, %object
 256              		.size	KOD7, 10
 257              	KOD7:
 258 0000 03       		.byte	3
 259 0001 9F       		.byte	-97
 260 0002 25       		.byte	37
 261 0003 0D       		.byte	13
 262 0004 99       		.byte	-103
 263 0005 49       		.byte	73
ARM GAS  C:\Users\User\AppData\Local\Temp\ccNJOScP.s 			page 7


 264 0006 41       		.byte	65
 265 0007 1F       		.byte	31
 266 0008 01       		.byte	1
 267 0009 09       		.byte	9
 268              		.data
 269              		.align	2
 270              		.set	.LANCHOR0,. + 0
 271              		.type	indyk, %object
 272              		.size	indyk, 8
 273              	indyk:
 274 0000 FF10     		.short	4351
 275 0002 FF20     		.short	8447
 276 0004 FF40     		.short	16639
 277 0006 FF80     		.short	-32513
 278              		.bss
 279              		.set	.LANCHOR1,. + 0
 280              		.type	N_indyk.5524, %object
 281              		.size	N_indyk.5524, 1
 282              	N_indyk.5524:
 283 0000 00       		.space	1
 284              		.text
 285              	.Letext0:
 286              		.file 2 "Generated_Source\\PSoC4/cytypes.h"
 287              		.file 3 "Generated_Source\\PSoC4/SPIM.h"
 288              		.file 4 "Generated_Source\\PSoC4/isr_100Hz.h"
 289              		.file 5 "Generated_Source\\PSoC4/CyLib.h"
 290              		.file 6 "Generated_Source\\PSoC4/Pin_B1.h"
 291              		.file 7 "Generated_Source\\PSoC4/Pin_B2.h"
 292              		.section	.debug_info,"",%progbits
 293              	.Ldebug_info0:
 294 0000 2C020000 		.4byte	0x22c
 295 0004 0400     		.2byte	0x4
 296 0006 00000000 		.4byte	.Ldebug_abbrev0
 297 000a 04       		.byte	0x4
 298 000b 01       		.uleb128 0x1
 299 000c 0E010000 		.4byte	.LASF28
 300 0010 0C       		.byte	0xc
 301 0011 B3010000 		.4byte	.LASF29
 302 0015 16000000 		.4byte	.LASF30
 303 0019 00000000 		.4byte	.Ldebug_ranges0+0
 304 001d 00000000 		.4byte	0
 305 0021 00000000 		.4byte	.Ldebug_line0
 306 0025 02       		.uleb128 0x2
 307 0026 01       		.byte	0x1
 308 0027 06       		.byte	0x6
 309 0028 E6010000 		.4byte	.LASF0
 310 002c 02       		.uleb128 0x2
 311 002d 01       		.byte	0x1
 312 002e 08       		.byte	0x8
 313 002f 7A000000 		.4byte	.LASF1
 314 0033 02       		.uleb128 0x2
 315 0034 02       		.byte	0x2
 316 0035 05       		.byte	0x5
 317 0036 C7010000 		.4byte	.LASF2
 318 003a 02       		.uleb128 0x2
 319 003b 02       		.byte	0x2
 320 003c 07       		.byte	0x7
ARM GAS  C:\Users\User\AppData\Local\Temp\ccNJOScP.s 			page 8


 321 003d 4A000000 		.4byte	.LASF3
 322 0041 02       		.uleb128 0x2
 323 0042 04       		.byte	0x4
 324 0043 05       		.byte	0x5
 325 0044 D1010000 		.4byte	.LASF4
 326 0048 02       		.uleb128 0x2
 327 0049 04       		.byte	0x4
 328 004a 07       		.byte	0x7
 329 004b 9A000000 		.4byte	.LASF5
 330 004f 02       		.uleb128 0x2
 331 0050 08       		.byte	0x8
 332 0051 05       		.byte	0x5
 333 0052 A5010000 		.4byte	.LASF6
 334 0056 02       		.uleb128 0x2
 335 0057 08       		.byte	0x8
 336 0058 07       		.byte	0x7
 337 0059 EC000000 		.4byte	.LASF7
 338 005d 03       		.uleb128 0x3
 339 005e 04       		.byte	0x4
 340 005f 05       		.byte	0x5
 341 0060 696E7400 		.ascii	"int\000"
 342 0064 02       		.uleb128 0x2
 343 0065 04       		.byte	0x4
 344 0066 07       		.byte	0x7
 345 0067 DF000000 		.4byte	.LASF8
 346 006b 04       		.uleb128 0x4
 347 006c AC000000 		.4byte	.LASF9
 348 0070 02       		.byte	0x2
 349 0071 E401     		.2byte	0x1e4
 350 0073 2C000000 		.4byte	0x2c
 351 0077 04       		.uleb128 0x4
 352 0078 CE000000 		.4byte	.LASF10
 353 007c 02       		.byte	0x2
 354 007d E501     		.2byte	0x1e5
 355 007f 3A000000 		.4byte	0x3a
 356 0083 02       		.uleb128 0x2
 357 0084 04       		.byte	0x4
 358 0085 04       		.byte	0x4
 359 0086 6F000000 		.4byte	.LASF11
 360 008a 02       		.uleb128 0x2
 361 008b 08       		.byte	0x8
 362 008c 04       		.byte	0x4
 363 008d C2000000 		.4byte	.LASF12
 364 0091 02       		.uleb128 0x2
 365 0092 01       		.byte	0x1
 366 0093 08       		.byte	0x8
 367 0094 BA010000 		.4byte	.LASF13
 368 0098 02       		.uleb128 0x2
 369 0099 08       		.byte	0x8
 370 009a 04       		.byte	0x4
 371 009b DA010000 		.4byte	.LASF14
 372 009f 02       		.uleb128 0x2
 373 00a0 04       		.byte	0x4
 374 00a1 07       		.byte	0x7
 375 00a2 9C010000 		.4byte	.LASF15
 376 00a6 05       		.uleb128 0x5
 377 00a7 D5000000 		.4byte	.LASF16
ARM GAS  C:\Users\User\AppData\Local\Temp\ccNJOScP.s 			page 9


 378 00ab 01       		.byte	0x1
 379 00ac 13       		.byte	0x13
 380 00ad 00000000 		.4byte	.LFB35
 381 00b1 24000000 		.4byte	.LFE35-.LFB35
 382 00b5 01       		.uleb128 0x1
 383 00b6 9C       		.byte	0x9c
 384 00b7 D6000000 		.4byte	0xd6
 385 00bb 06       		.uleb128 0x6
 386 00bc B2000000 		.4byte	.LASF18
 387 00c0 01       		.byte	0x1
 388 00c1 15       		.byte	0x15
 389 00c2 6B000000 		.4byte	0x6b
 390 00c6 05       		.uleb128 0x5
 391 00c7 03       		.byte	0x3
 392 00c8 00000000 		.4byte	N_indyk.5524
 393 00cc 07       		.uleb128 0x7
 394 00cd 10000000 		.4byte	.LVL0
 395 00d1 ED010000 		.4byte	0x1ed
 396 00d5 00       		.byte	0
 397 00d6 08       		.uleb128 0x8
 398 00d7 BF010000 		.4byte	.LASF17
 399 00db 01       		.byte	0x1
 400 00dc 1D       		.byte	0x1d
 401 00dd 00000000 		.4byte	.LFB36
 402 00e1 70000000 		.4byte	.LFE36-.LFB36
 403 00e5 01       		.uleb128 0x1
 404 00e6 9C       		.byte	0x9c
 405 00e7 08010000 		.4byte	0x108
 406 00eb 09       		.uleb128 0x9
 407 00ec 75000000 		.4byte	.LASF31
 408 00f0 01       		.byte	0x1
 409 00f1 1D       		.byte	0x1d
 410 00f2 77000000 		.4byte	0x77
 411 00f6 00000000 		.4byte	.LLST0
 412 00fa 0A       		.uleb128 0xa
 413 00fb 6900     		.ascii	"i\000"
 414 00fd 01       		.byte	0x1
 415 00fe 1F       		.byte	0x1f
 416 00ff 6B000000 		.4byte	0x6b
 417 0103 1E000000 		.4byte	.LLST1
 418 0107 00       		.byte	0
 419 0108 0B       		.uleb128 0xb
 420 0109 C9000000 		.4byte	.LASF32
 421 010d 01       		.byte	0x1
 422 010e 2F       		.byte	0x2f
 423 010f 5D000000 		.4byte	0x5d
 424 0113 00000000 		.4byte	.LFB37
 425 0117 44000000 		.4byte	.LFE37-.LFB37
 426 011b 01       		.uleb128 0x1
 427 011c 9C       		.byte	0x9c
 428 011d A1010000 		.4byte	0x1a1
 429 0121 0C       		.uleb128 0xc
 430 0122 BA000000 		.4byte	.LASF19
 431 0126 01       		.byte	0x1
 432 0127 31       		.byte	0x31
 433 0128 77000000 		.4byte	0x77
 434 012c 5E000000 		.4byte	.LLST2
ARM GAS  C:\Users\User\AppData\Local\Temp\ccNJOScP.s 			page 10


 435 0130 07       		.uleb128 0x7
 436 0131 08000000 		.4byte	.LVL15
 437 0135 F8010000 		.4byte	0x1f8
 438 0139 0D       		.uleb128 0xd
 439 013a 0E000000 		.4byte	.LVL16
 440 013e 03020000 		.4byte	0x203
 441 0142 50010000 		.4byte	0x150
 442 0146 0E       		.uleb128 0xe
 443 0147 01       		.uleb128 0x1
 444 0148 50       		.byte	0x50
 445 0149 05       		.uleb128 0x5
 446 014a 03       		.byte	0x3
 447 014b 00000000 		.4byte	isr_100Hz
 448 014f 00       		.byte	0
 449 0150 0D       		.uleb128 0xd
 450 0151 1E000000 		.4byte	.LVL21
 451 0155 D6000000 		.4byte	0xd6
 452 0159 64010000 		.4byte	0x164
 453 015d 0E       		.uleb128 0xe
 454 015e 01       		.uleb128 0x1
 455 015f 50       		.byte	0x50
 456 0160 02       		.uleb128 0x2
 457 0161 74       		.byte	0x74
 458 0162 00       		.sleb128 0
 459 0163 00       		.byte	0
 460 0164 0D       		.uleb128 0xd
 461 0165 26000000 		.4byte	.LVL22
 462 0169 0E020000 		.4byte	0x20e
 463 016d 79010000 		.4byte	0x179
 464 0171 0E       		.uleb128 0xe
 465 0172 01       		.uleb128 0x1
 466 0173 50       		.byte	0x50
 467 0174 03       		.uleb128 0x3
 468 0175 0A       		.byte	0xa
 469 0176 2C01     		.2byte	0x12c
 470 0178 00       		.byte	0
 471 0179 07       		.uleb128 0x7
 472 017a 2A000000 		.4byte	.LVL23
 473 017e 19020000 		.4byte	0x219
 474 0182 0D       		.uleb128 0xd
 475 0183 36000000 		.4byte	.LVL24
 476 0187 0E020000 		.4byte	0x20e
 477 018b 97010000 		.4byte	0x197
 478 018f 0E       		.uleb128 0xe
 479 0190 01       		.uleb128 0x1
 480 0191 50       		.byte	0x50
 481 0192 03       		.uleb128 0x3
 482 0193 0A       		.byte	0xa
 483 0194 BC02     		.2byte	0x2bc
 484 0196 00       		.byte	0
 485 0197 07       		.uleb128 0x7
 486 0198 3A000000 		.4byte	.LVL25
 487 019c 24020000 		.4byte	0x224
 488 01a0 00       		.byte	0
 489 01a1 0F       		.uleb128 0xf
 490 01a2 77000000 		.4byte	0x77
 491 01a6 B1010000 		.4byte	0x1b1
ARM GAS  C:\Users\User\AppData\Local\Temp\ccNJOScP.s 			page 11


 492 01aa 10       		.uleb128 0x10
 493 01ab 9F000000 		.4byte	0x9f
 494 01af 03       		.byte	0x3
 495 01b0 00       		.byte	0
 496 01b1 11       		.uleb128 0x11
 497 01b2 5D000000 		.4byte	.LASF20
 498 01b6 01       		.byte	0x1
 499 01b7 10       		.byte	0x10
 500 01b8 A1010000 		.4byte	0x1a1
 501 01bc 05       		.uleb128 0x5
 502 01bd 03       		.byte	0x3
 503 01be 00000000 		.4byte	indyk
 504 01c2 0F       		.uleb128 0xf
 505 01c3 D2010000 		.4byte	0x1d2
 506 01c7 D2010000 		.4byte	0x1d2
 507 01cb 10       		.uleb128 0x10
 508 01cc 9F000000 		.4byte	0x9f
 509 01d0 09       		.byte	0x9
 510 01d1 00       		.byte	0
 511 01d2 12       		.uleb128 0x12
 512 01d3 6B000000 		.4byte	0x6b
 513 01d7 11       		.uleb128 0x11
 514 01d8 11000000 		.4byte	.LASF21
 515 01dc 01       		.byte	0x1
 516 01dd 11       		.byte	0x11
 517 01de E8010000 		.4byte	0x1e8
 518 01e2 05       		.uleb128 0x5
 519 01e3 03       		.byte	0x3
 520 01e4 00000000 		.4byte	KOD7
 521 01e8 12       		.uleb128 0x12
 522 01e9 C2010000 		.4byte	0x1c2
 523 01ed 13       		.uleb128 0x13
 524 01ee 00000000 		.4byte	.LASF22
 525 01f2 00000000 		.4byte	.LASF22
 526 01f6 03       		.byte	0x3
 527 01f7 5E       		.byte	0x5e
 528 01f8 13       		.uleb128 0x13
 529 01f9 03010000 		.4byte	.LASF23
 530 01fd 03010000 		.4byte	.LASF23
 531 0201 03       		.byte	0x3
 532 0202 4D       		.byte	0x4d
 533 0203 13       		.uleb128 0x13
 534 0204 88000000 		.4byte	.LASF24
 535 0208 88000000 		.4byte	.LASF24
 536 020c 04       		.byte	0x4
 537 020d 18       		.byte	0x18
 538 020e 13       		.uleb128 0x13
 539 020f FE010000 		.4byte	.LASF25
 540 0213 FE010000 		.4byte	.LASF25
 541 0217 05       		.byte	0x5
 542 0218 D9       		.byte	0xd9
 543 0219 13       		.uleb128 0x13
 544 021a 63000000 		.4byte	.LASF26
 545 021e 63000000 		.4byte	.LASF26
 546 0222 06       		.byte	0x6
 547 0223 32       		.byte	0x32
 548 0224 13       		.uleb128 0x13
ARM GAS  C:\Users\User\AppData\Local\Temp\ccNJOScP.s 			page 12


 549 0225 F2010000 		.4byte	.LASF27
 550 0229 F2010000 		.4byte	.LASF27
 551 022d 07       		.byte	0x7
 552 022e 32       		.byte	0x32
 553 022f 00       		.byte	0
 554              		.section	.debug_abbrev,"",%progbits
 555              	.Ldebug_abbrev0:
 556 0000 01       		.uleb128 0x1
 557 0001 11       		.uleb128 0x11
 558 0002 01       		.byte	0x1
 559 0003 25       		.uleb128 0x25
 560 0004 0E       		.uleb128 0xe
 561 0005 13       		.uleb128 0x13
 562 0006 0B       		.uleb128 0xb
 563 0007 03       		.uleb128 0x3
 564 0008 0E       		.uleb128 0xe
 565 0009 1B       		.uleb128 0x1b
 566 000a 0E       		.uleb128 0xe
 567 000b 55       		.uleb128 0x55
 568 000c 17       		.uleb128 0x17
 569 000d 11       		.uleb128 0x11
 570 000e 01       		.uleb128 0x1
 571 000f 10       		.uleb128 0x10
 572 0010 17       		.uleb128 0x17
 573 0011 00       		.byte	0
 574 0012 00       		.byte	0
 575 0013 02       		.uleb128 0x2
 576 0014 24       		.uleb128 0x24
 577 0015 00       		.byte	0
 578 0016 0B       		.uleb128 0xb
 579 0017 0B       		.uleb128 0xb
 580 0018 3E       		.uleb128 0x3e
 581 0019 0B       		.uleb128 0xb
 582 001a 03       		.uleb128 0x3
 583 001b 0E       		.uleb128 0xe
 584 001c 00       		.byte	0
 585 001d 00       		.byte	0
 586 001e 03       		.uleb128 0x3
 587 001f 24       		.uleb128 0x24
 588 0020 00       		.byte	0
 589 0021 0B       		.uleb128 0xb
 590 0022 0B       		.uleb128 0xb
 591 0023 3E       		.uleb128 0x3e
 592 0024 0B       		.uleb128 0xb
 593 0025 03       		.uleb128 0x3
 594 0026 08       		.uleb128 0x8
 595 0027 00       		.byte	0
 596 0028 00       		.byte	0
 597 0029 04       		.uleb128 0x4
 598 002a 16       		.uleb128 0x16
 599 002b 00       		.byte	0
 600 002c 03       		.uleb128 0x3
 601 002d 0E       		.uleb128 0xe
 602 002e 3A       		.uleb128 0x3a
 603 002f 0B       		.uleb128 0xb
 604 0030 3B       		.uleb128 0x3b
 605 0031 05       		.uleb128 0x5
ARM GAS  C:\Users\User\AppData\Local\Temp\ccNJOScP.s 			page 13


 606 0032 49       		.uleb128 0x49
 607 0033 13       		.uleb128 0x13
 608 0034 00       		.byte	0
 609 0035 00       		.byte	0
 610 0036 05       		.uleb128 0x5
 611 0037 2E       		.uleb128 0x2e
 612 0038 01       		.byte	0x1
 613 0039 3F       		.uleb128 0x3f
 614 003a 19       		.uleb128 0x19
 615 003b 03       		.uleb128 0x3
 616 003c 0E       		.uleb128 0xe
 617 003d 3A       		.uleb128 0x3a
 618 003e 0B       		.uleb128 0xb
 619 003f 3B       		.uleb128 0x3b
 620 0040 0B       		.uleb128 0xb
 621 0041 27       		.uleb128 0x27
 622 0042 19       		.uleb128 0x19
 623 0043 11       		.uleb128 0x11
 624 0044 01       		.uleb128 0x1
 625 0045 12       		.uleb128 0x12
 626 0046 06       		.uleb128 0x6
 627 0047 40       		.uleb128 0x40
 628 0048 18       		.uleb128 0x18
 629 0049 9742     		.uleb128 0x2117
 630 004b 19       		.uleb128 0x19
 631 004c 01       		.uleb128 0x1
 632 004d 13       		.uleb128 0x13
 633 004e 00       		.byte	0
 634 004f 00       		.byte	0
 635 0050 06       		.uleb128 0x6
 636 0051 34       		.uleb128 0x34
 637 0052 00       		.byte	0
 638 0053 03       		.uleb128 0x3
 639 0054 0E       		.uleb128 0xe
 640 0055 3A       		.uleb128 0x3a
 641 0056 0B       		.uleb128 0xb
 642 0057 3B       		.uleb128 0x3b
 643 0058 0B       		.uleb128 0xb
 644 0059 49       		.uleb128 0x49
 645 005a 13       		.uleb128 0x13
 646 005b 02       		.uleb128 0x2
 647 005c 18       		.uleb128 0x18
 648 005d 00       		.byte	0
 649 005e 00       		.byte	0
 650 005f 07       		.uleb128 0x7
 651 0060 898201   		.uleb128 0x4109
 652 0063 00       		.byte	0
 653 0064 11       		.uleb128 0x11
 654 0065 01       		.uleb128 0x1
 655 0066 31       		.uleb128 0x31
 656 0067 13       		.uleb128 0x13
 657 0068 00       		.byte	0
 658 0069 00       		.byte	0
 659 006a 08       		.uleb128 0x8
 660 006b 2E       		.uleb128 0x2e
 661 006c 01       		.byte	0x1
 662 006d 3F       		.uleb128 0x3f
ARM GAS  C:\Users\User\AppData\Local\Temp\ccNJOScP.s 			page 14


 663 006e 19       		.uleb128 0x19
 664 006f 03       		.uleb128 0x3
 665 0070 0E       		.uleb128 0xe
 666 0071 3A       		.uleb128 0x3a
 667 0072 0B       		.uleb128 0xb
 668 0073 3B       		.uleb128 0x3b
 669 0074 0B       		.uleb128 0xb
 670 0075 27       		.uleb128 0x27
 671 0076 19       		.uleb128 0x19
 672 0077 11       		.uleb128 0x11
 673 0078 01       		.uleb128 0x1
 674 0079 12       		.uleb128 0x12
 675 007a 06       		.uleb128 0x6
 676 007b 40       		.uleb128 0x40
 677 007c 18       		.uleb128 0x18
 678 007d 9642     		.uleb128 0x2116
 679 007f 19       		.uleb128 0x19
 680 0080 01       		.uleb128 0x1
 681 0081 13       		.uleb128 0x13
 682 0082 00       		.byte	0
 683 0083 00       		.byte	0
 684 0084 09       		.uleb128 0x9
 685 0085 05       		.uleb128 0x5
 686 0086 00       		.byte	0
 687 0087 03       		.uleb128 0x3
 688 0088 0E       		.uleb128 0xe
 689 0089 3A       		.uleb128 0x3a
 690 008a 0B       		.uleb128 0xb
 691 008b 3B       		.uleb128 0x3b
 692 008c 0B       		.uleb128 0xb
 693 008d 49       		.uleb128 0x49
 694 008e 13       		.uleb128 0x13
 695 008f 02       		.uleb128 0x2
 696 0090 17       		.uleb128 0x17
 697 0091 00       		.byte	0
 698 0092 00       		.byte	0
 699 0093 0A       		.uleb128 0xa
 700 0094 34       		.uleb128 0x34
 701 0095 00       		.byte	0
 702 0096 03       		.uleb128 0x3
 703 0097 08       		.uleb128 0x8
 704 0098 3A       		.uleb128 0x3a
 705 0099 0B       		.uleb128 0xb
 706 009a 3B       		.uleb128 0x3b
 707 009b 0B       		.uleb128 0xb
 708 009c 49       		.uleb128 0x49
 709 009d 13       		.uleb128 0x13
 710 009e 02       		.uleb128 0x2
 711 009f 17       		.uleb128 0x17
 712 00a0 00       		.byte	0
 713 00a1 00       		.byte	0
 714 00a2 0B       		.uleb128 0xb
 715 00a3 2E       		.uleb128 0x2e
 716 00a4 01       		.byte	0x1
 717 00a5 3F       		.uleb128 0x3f
 718 00a6 19       		.uleb128 0x19
 719 00a7 03       		.uleb128 0x3
ARM GAS  C:\Users\User\AppData\Local\Temp\ccNJOScP.s 			page 15


 720 00a8 0E       		.uleb128 0xe
 721 00a9 3A       		.uleb128 0x3a
 722 00aa 0B       		.uleb128 0xb
 723 00ab 3B       		.uleb128 0x3b
 724 00ac 0B       		.uleb128 0xb
 725 00ad 27       		.uleb128 0x27
 726 00ae 19       		.uleb128 0x19
 727 00af 49       		.uleb128 0x49
 728 00b0 13       		.uleb128 0x13
 729 00b1 8701     		.uleb128 0x87
 730 00b3 19       		.uleb128 0x19
 731 00b4 11       		.uleb128 0x11
 732 00b5 01       		.uleb128 0x1
 733 00b6 12       		.uleb128 0x12
 734 00b7 06       		.uleb128 0x6
 735 00b8 40       		.uleb128 0x40
 736 00b9 18       		.uleb128 0x18
 737 00ba 9742     		.uleb128 0x2117
 738 00bc 19       		.uleb128 0x19
 739 00bd 01       		.uleb128 0x1
 740 00be 13       		.uleb128 0x13
 741 00bf 00       		.byte	0
 742 00c0 00       		.byte	0
 743 00c1 0C       		.uleb128 0xc
 744 00c2 34       		.uleb128 0x34
 745 00c3 00       		.byte	0
 746 00c4 03       		.uleb128 0x3
 747 00c5 0E       		.uleb128 0xe
 748 00c6 3A       		.uleb128 0x3a
 749 00c7 0B       		.uleb128 0xb
 750 00c8 3B       		.uleb128 0x3b
 751 00c9 0B       		.uleb128 0xb
 752 00ca 49       		.uleb128 0x49
 753 00cb 13       		.uleb128 0x13
 754 00cc 02       		.uleb128 0x2
 755 00cd 17       		.uleb128 0x17
 756 00ce 00       		.byte	0
 757 00cf 00       		.byte	0
 758 00d0 0D       		.uleb128 0xd
 759 00d1 898201   		.uleb128 0x4109
 760 00d4 01       		.byte	0x1
 761 00d5 11       		.uleb128 0x11
 762 00d6 01       		.uleb128 0x1
 763 00d7 31       		.uleb128 0x31
 764 00d8 13       		.uleb128 0x13
 765 00d9 01       		.uleb128 0x1
 766 00da 13       		.uleb128 0x13
 767 00db 00       		.byte	0
 768 00dc 00       		.byte	0
 769 00dd 0E       		.uleb128 0xe
 770 00de 8A8201   		.uleb128 0x410a
 771 00e1 00       		.byte	0
 772 00e2 02       		.uleb128 0x2
 773 00e3 18       		.uleb128 0x18
 774 00e4 9142     		.uleb128 0x2111
 775 00e6 18       		.uleb128 0x18
 776 00e7 00       		.byte	0
ARM GAS  C:\Users\User\AppData\Local\Temp\ccNJOScP.s 			page 16


 777 00e8 00       		.byte	0
 778 00e9 0F       		.uleb128 0xf
 779 00ea 01       		.uleb128 0x1
 780 00eb 01       		.byte	0x1
 781 00ec 49       		.uleb128 0x49
 782 00ed 13       		.uleb128 0x13
 783 00ee 01       		.uleb128 0x1
 784 00ef 13       		.uleb128 0x13
 785 00f0 00       		.byte	0
 786 00f1 00       		.byte	0
 787 00f2 10       		.uleb128 0x10
 788 00f3 21       		.uleb128 0x21
 789 00f4 00       		.byte	0
 790 00f5 49       		.uleb128 0x49
 791 00f6 13       		.uleb128 0x13
 792 00f7 2F       		.uleb128 0x2f
 793 00f8 0B       		.uleb128 0xb
 794 00f9 00       		.byte	0
 795 00fa 00       		.byte	0
 796 00fb 11       		.uleb128 0x11
 797 00fc 34       		.uleb128 0x34
 798 00fd 00       		.byte	0
 799 00fe 03       		.uleb128 0x3
 800 00ff 0E       		.uleb128 0xe
 801 0100 3A       		.uleb128 0x3a
 802 0101 0B       		.uleb128 0xb
 803 0102 3B       		.uleb128 0x3b
 804 0103 0B       		.uleb128 0xb
 805 0104 49       		.uleb128 0x49
 806 0105 13       		.uleb128 0x13
 807 0106 3F       		.uleb128 0x3f
 808 0107 19       		.uleb128 0x19
 809 0108 02       		.uleb128 0x2
 810 0109 18       		.uleb128 0x18
 811 010a 00       		.byte	0
 812 010b 00       		.byte	0
 813 010c 12       		.uleb128 0x12
 814 010d 26       		.uleb128 0x26
 815 010e 00       		.byte	0
 816 010f 49       		.uleb128 0x49
 817 0110 13       		.uleb128 0x13
 818 0111 00       		.byte	0
 819 0112 00       		.byte	0
 820 0113 13       		.uleb128 0x13
 821 0114 2E       		.uleb128 0x2e
 822 0115 00       		.byte	0
 823 0116 3F       		.uleb128 0x3f
 824 0117 19       		.uleb128 0x19
 825 0118 3C       		.uleb128 0x3c
 826 0119 19       		.uleb128 0x19
 827 011a 6E       		.uleb128 0x6e
 828 011b 0E       		.uleb128 0xe
 829 011c 03       		.uleb128 0x3
 830 011d 0E       		.uleb128 0xe
 831 011e 3A       		.uleb128 0x3a
 832 011f 0B       		.uleb128 0xb
 833 0120 3B       		.uleb128 0x3b
ARM GAS  C:\Users\User\AppData\Local\Temp\ccNJOScP.s 			page 17


 834 0121 0B       		.uleb128 0xb
 835 0122 00       		.byte	0
 836 0123 00       		.byte	0
 837 0124 00       		.byte	0
 838              		.section	.debug_loc,"",%progbits
 839              	.Ldebug_loc0:
 840              	.LLST0:
 841 0000 00000000 		.4byte	.LVL1
 842 0004 0C000000 		.4byte	.LVL3
 843 0008 0100     		.2byte	0x1
 844 000a 50       		.byte	0x50
 845 000b 0C000000 		.4byte	.LVL3
 846 000f 60000000 		.4byte	.LVL13
 847 0013 0100     		.2byte	0x1
 848 0015 55       		.byte	0x55
 849 0016 00000000 		.4byte	0
 850 001a 00000000 		.4byte	0
 851              	.LLST1:
 852 001e 08000000 		.4byte	.LVL2
 853 0022 0C000000 		.4byte	.LVL3
 854 0026 0200     		.2byte	0x2
 855 0028 30       		.byte	0x30
 856 0029 9F       		.byte	0x9f
 857 002a 0C000000 		.4byte	.LVL3
 858 002e 40000000 		.4byte	.LVL7
 859 0032 0100     		.2byte	0x1
 860 0034 54       		.byte	0x54
 861 0035 42000000 		.4byte	.LVL8
 862 0039 48000000 		.4byte	.LVL9
 863 003d 0100     		.2byte	0x1
 864 003f 54       		.byte	0x54
 865 0040 4A000000 		.4byte	.LVL10
 866 0044 5A000000 		.4byte	.LVL11
 867 0048 0100     		.2byte	0x1
 868 004a 53       		.byte	0x53
 869 004b 5C000000 		.4byte	.LVL12
 870 004f 70000000 		.4byte	.LFE36
 871 0053 0100     		.2byte	0x1
 872 0055 53       		.byte	0x53
 873 0056 00000000 		.4byte	0
 874 005a 00000000 		.4byte	0
 875              	.LLST2:
 876 005e 02000000 		.4byte	.LVL14
 877 0062 12000000 		.4byte	.LVL17
 878 0066 0200     		.2byte	0x2
 879 0068 30       		.byte	0x30
 880 0069 9F       		.byte	0x9f
 881 006a 12000000 		.4byte	.LVL17
 882 006e 16000000 		.4byte	.LVL19
 883 0072 0100     		.2byte	0x1
 884 0074 54       		.byte	0x54
 885 0075 18000000 		.4byte	.LVL20
 886 0079 44000000 		.4byte	.LFE37
 887 007d 0100     		.2byte	0x1
 888 007f 54       		.byte	0x54
 889 0080 00000000 		.4byte	0
 890 0084 00000000 		.4byte	0
ARM GAS  C:\Users\User\AppData\Local\Temp\ccNJOScP.s 			page 18


 891              		.section	.debug_aranges,"",%progbits
 892 0000 2C000000 		.4byte	0x2c
 893 0004 0200     		.2byte	0x2
 894 0006 00000000 		.4byte	.Ldebug_info0
 895 000a 04       		.byte	0x4
 896 000b 00       		.byte	0
 897 000c 0000     		.2byte	0
 898 000e 0000     		.2byte	0
 899 0010 00000000 		.4byte	.LFB35
 900 0014 24000000 		.4byte	.LFE35-.LFB35
 901 0018 00000000 		.4byte	.LFB36
 902 001c 70000000 		.4byte	.LFE36-.LFB36
 903 0020 00000000 		.4byte	.LFB37
 904 0024 44000000 		.4byte	.LFE37-.LFB37
 905 0028 00000000 		.4byte	0
 906 002c 00000000 		.4byte	0
 907              		.section	.debug_ranges,"",%progbits
 908              	.Ldebug_ranges0:
 909 0000 00000000 		.4byte	.LFB35
 910 0004 24000000 		.4byte	.LFE35
 911 0008 00000000 		.4byte	.LFB36
 912 000c 70000000 		.4byte	.LFE36
 913 0010 00000000 		.4byte	.LFB37
 914 0014 44000000 		.4byte	.LFE37
 915 0018 00000000 		.4byte	0
 916 001c 00000000 		.4byte	0
 917              		.section	.debug_line,"",%progbits
 918              	.Ldebug_line0:
 919 0000 E7000000 		.section	.debug_str,"MS",%progbits,1
 919      02007D00 
 919      00000201 
 919      FB0E0D00 
 919      01010101 
 920              	.LASF22:
 921 0000 5350494D 		.ascii	"SPIM_WriteTxData\000"
 921      5F577269 
 921      74655478 
 921      44617461 
 921      00
 922              	.LASF21:
 923 0011 4B4F4437 		.ascii	"KOD7\000"
 923      00
 924              	.LASF30:
 925 0016 443A5C50 		.ascii	"D:\\POC\\psoc4\\psoc_5-2-muliak_trush\\Lab_2_7SEG.c"
 925      4F435C70 
 925      736F6334 
 925      5C70736F 
 925      635F352D 
 926 0045 7964736E 		.ascii	"ydsn\000"
 926      00
 927              	.LASF3:
 928 004a 73686F72 		.ascii	"short unsigned int\000"
 928      7420756E 
 928      7369676E 
 928      65642069 
 928      6E7400
 929              	.LASF20:
ARM GAS  C:\Users\User\AppData\Local\Temp\ccNJOScP.s 			page 19


 930 005d 696E6479 		.ascii	"indyk\000"
 930      6B00
 931              	.LASF26:
 932 0063 50696E5F 		.ascii	"Pin_B1_Read\000"
 932      42315F52 
 932      65616400 
 933              	.LASF11:
 934 006f 666C6F61 		.ascii	"float\000"
 934      7400
 935              	.LASF31:
 936 0075 64617461 		.ascii	"data\000"
 936      00
 937              	.LASF1:
 938 007a 756E7369 		.ascii	"unsigned char\000"
 938      676E6564 
 938      20636861 
 938      7200
 939              	.LASF24:
 940 0088 6973725F 		.ascii	"isr_100Hz_StartEx\000"
 940      31303048 
 940      7A5F5374 
 940      61727445 
 940      7800
 941              	.LASF5:
 942 009a 6C6F6E67 		.ascii	"long unsigned int\000"
 942      20756E73 
 942      69676E65 
 942      6420696E 
 942      7400
 943              	.LASF9:
 944 00ac 75696E74 		.ascii	"uint8\000"
 944      3800
 945              	.LASF18:
 946 00b2 4E5F696E 		.ascii	"N_indyk\000"
 946      64796B00 
 947              	.LASF19:
 948 00ba 636F756E 		.ascii	"counter\000"
 948      74657200 
 949              	.LASF12:
 950 00c2 646F7562 		.ascii	"double\000"
 950      6C6500
 951              	.LASF32:
 952 00c9 6D61696E 		.ascii	"main\000"
 952      00
 953              	.LASF10:
 954 00ce 75696E74 		.ascii	"uint16\000"
 954      313600
 955              	.LASF16:
 956 00d5 6973725F 		.ascii	"isr_100Hz\000"
 956      31303048 
 956      7A00
 957              	.LASF8:
 958 00df 756E7369 		.ascii	"unsigned int\000"
 958      676E6564 
 958      20696E74 
 958      00
 959              	.LASF7:
ARM GAS  C:\Users\User\AppData\Local\Temp\ccNJOScP.s 			page 20


 960 00ec 6C6F6E67 		.ascii	"long long unsigned int\000"
 960      206C6F6E 
 960      6720756E 
 960      7369676E 
 960      65642069 
 961              	.LASF23:
 962 0103 5350494D 		.ascii	"SPIM_Start\000"
 962      5F537461 
 962      727400
 963              	.LASF28:
 964 010e 474E5520 		.ascii	"GNU C11 5.4.1 20160609 (release) [ARM/embedded-5-br"
 964      43313120 
 964      352E342E 
 964      31203230 
 964      31363036 
 965 0141 616E6368 		.ascii	"anch revision 237715] -mcpu=cortex-m0 -mthumb -g -O"
 965      20726576 
 965      6973696F 
 965      6E203233 
 965      37373135 
 966 0174 67202D66 		.ascii	"g -ffunction-sections -ffat-lto-objects\000"
 966      66756E63 
 966      74696F6E 
 966      2D736563 
 966      74696F6E 
 967              	.LASF15:
 968 019c 73697A65 		.ascii	"sizetype\000"
 968      74797065 
 968      00
 969              	.LASF6:
 970 01a5 6C6F6E67 		.ascii	"long long int\000"
 970      206C6F6E 
 970      6720696E 
 970      7400
 971              	.LASF29:
 972 01b3 6D61696E 		.ascii	"main.c\000"
 972      2E6300
 973              	.LASF13:
 974 01ba 63686172 		.ascii	"char\000"
 974      00
 975              	.LASF17:
 976 01bf 6F757437 		.ascii	"out7seg\000"
 976      73656700 
 977              	.LASF2:
 978 01c7 73686F72 		.ascii	"short int\000"
 978      7420696E 
 978      7400
 979              	.LASF4:
 980 01d1 6C6F6E67 		.ascii	"long int\000"
 980      20696E74 
 980      00
 981              	.LASF14:
 982 01da 6C6F6E67 		.ascii	"long double\000"
 982      20646F75 
 982      626C6500 
 983              	.LASF0:
 984 01e6 7369676E 		.ascii	"signed char\000"
ARM GAS  C:\Users\User\AppData\Local\Temp\ccNJOScP.s 			page 21


 984      65642063 
 984      68617200 
 985              	.LASF27:
 986 01f2 50696E5F 		.ascii	"Pin_B2_Read\000"
 986      42325F52 
 986      65616400 
 987              	.LASF25:
 988 01fe 43794465 		.ascii	"CyDelay\000"
 988      6C617900 
 989              		.ident	"GCC: (GNU Tools for ARM Embedded Processors) 5.4.1 20160609 (release) [ARM/embedded-5-bran
