ARM GAS  C:\Users\Ade0n\AppData\Local\Temp\cc3ncjmm.s 			page 1


   1              		.syntax unified
   2              		.cpu cortex-m0
   3              		.fpu softvfp
   4              		.eabi_attribute 20, 1
   5              		.eabi_attribute 21, 1
   6              		.eabi_attribute 23, 3
   7              		.eabi_attribute 24, 1
   8              		.eabi_attribute 25, 1
   9              		.eabi_attribute 26, 1
  10              		.eabi_attribute 30, 6
  11              		.eabi_attribute 34, 0
  12              		.eabi_attribute 18, 4
  13              		.thumb
  14              		.syntax unified
  15              		.file	"main.c"
  16              		.text
  17              	.Ltext0:
  18              		.cfi_sections	.debug_frame
  19              		.section	.text.main,"ax",%progbits
  20              		.align	2
  21              		.global	main
  22              		.code	16
  23              		.thumb_func
  24              		.type	main, %function
  25              	main:
  26              	.LFB35:
  27              		.file 1 "main.c"
   1:main.c        **** /* ========================================
   2:main.c        ****  *
   3:main.c        ****  * Copyright YOUR COMPANY, THE YEAR
   4:main.c        ****  * All Rights Reserved
   5:main.c        ****  * UNPUBLISHED, LICENSED SOFTWARE.
   6:main.c        ****  *
   7:main.c        ****  * CONFIDENTIAL AND PROPRIETARY INFORMATION
   8:main.c        ****  * WHICH IS THE PROPERTY OF your company.
   9:main.c        ****  *
  10:main.c        ****  * ========================================
  11:main.c        **** */
  12:main.c        **** #include <project.h>
  13:main.c        **** 
  14:main.c        **** int main()
  15:main.c        **** {
  28              		.loc 1 15 0
  29              		.cfi_startproc
  30              		@ args = 0, pretend = 0, frame = 0
  31              		@ frame_needed = 1, uses_anonymous_args = 0
  32 0000 80B5     		push	{r7, lr}
  33              		.cfi_def_cfa_offset 8
  34              		.cfi_offset 7, -8
  35              		.cfi_offset 14, -4
  36 0002 00AF     		add	r7, sp, #0
  37              		.cfi_def_cfa_register 7
  16:main.c        ****     CyGlobalIntEnable;
  38              		.loc 1 16 0
  39              		.syntax divided
  40              	@ 16 "main.c" 1
  41 0004 62B6     		CPSIE   i
ARM GAS  C:\Users\Ade0n\AppData\Local\Temp\cc3ncjmm.s 			page 2


  42              	@ 0 "" 2
  43              		.thumb
  44              		.syntax unified
  45              	.L2:
  17:main.c        ****     
  18:main.c        **** 	for(;;)
  19:main.c        ****     {
  20:main.c        ****         Pin_LED_Write(0);
  46              		.loc 1 20 0 discriminator 1
  47 0006 0020     		movs	r0, #0
  48 0008 FFF7FEFF 		bl	Pin_LED_Write
  21:main.c        ****         CyDelay(300);
  49              		.loc 1 21 0 discriminator 1
  50 000c 9623     		movs	r3, #150
  51 000e 5B00     		lsls	r3, r3, #1
  52 0010 1800     		movs	r0, r3
  53 0012 FFF7FEFF 		bl	CyDelay
  22:main.c        ****         Pin_LED_Write(1);
  54              		.loc 1 22 0 discriminator 1
  55 0016 0120     		movs	r0, #1
  56 0018 FFF7FEFF 		bl	Pin_LED_Write
  23:main.c        ****         
  24:main.c        ****         Pin_LED_Blue_Write(0);
  57              		.loc 1 24 0 discriminator 1
  58 001c 0020     		movs	r0, #0
  59 001e FFF7FEFF 		bl	Pin_LED_Blue_Write
  25:main.c        ****         CyDelay(300);
  60              		.loc 1 25 0 discriminator 1
  61 0022 9623     		movs	r3, #150
  62 0024 5B00     		lsls	r3, r3, #1
  63 0026 1800     		movs	r0, r3
  64 0028 FFF7FEFF 		bl	CyDelay
  26:main.c        ****         Pin_LED_Blue_Write(1);
  65              		.loc 1 26 0 discriminator 1
  66 002c 0120     		movs	r0, #1
  67 002e FFF7FEFF 		bl	Pin_LED_Blue_Write
  27:main.c        ****     }
  68              		.loc 1 27 0 discriminator 1
  69 0032 E8E7     		b	.L2
  70              		.cfi_endproc
  71              	.LFE35:
  72              		.size	main, .-main
  73              		.text
  74              	.Letext0:
  75              		.section	.debug_info,"",%progbits
  76              	.Ldebug_info0:
  77 0000 A0000000 		.4byte	0xa0
  78 0004 0400     		.2byte	0x4
  79 0006 00000000 		.4byte	.Ldebug_abbrev0
  80 000a 04       		.byte	0x4
  81 000b 01       		.uleb128 0x1
  82 000c F1000000 		.4byte	.LASF14
  83 0010 0C       		.byte	0xc
  84 0011 1B000000 		.4byte	.LASF15
  85 0015 27000000 		.4byte	.LASF16
  86 0019 00000000 		.4byte	.Ldebug_ranges0+0
  87 001d 00000000 		.4byte	0
ARM GAS  C:\Users\Ade0n\AppData\Local\Temp\cc3ncjmm.s 			page 3


  88 0021 00000000 		.4byte	.Ldebug_line0
  89 0025 02       		.uleb128 0x2
  90 0026 01       		.byte	0x1
  91 0027 06       		.byte	0x6
  92 0028 CF000000 		.4byte	.LASF0
  93 002c 02       		.uleb128 0x2
  94 002d 01       		.byte	0x1
  95 002e 08       		.byte	0x8
  96 002f 99000000 		.4byte	.LASF1
  97 0033 02       		.uleb128 0x2
  98 0034 02       		.byte	0x2
  99 0035 05       		.byte	0x5
 100 0036 E7000000 		.4byte	.LASF2
 101 003a 02       		.uleb128 0x2
 102 003b 02       		.byte	0x2
 103 003c 07       		.byte	0x7
 104 003d BC000000 		.4byte	.LASF3
 105 0041 02       		.uleb128 0x2
 106 0042 04       		.byte	0x4
 107 0043 05       		.byte	0x5
 108 0044 AC000000 		.4byte	.LASF4
 109 0048 02       		.uleb128 0x2
 110 0049 04       		.byte	0x4
 111 004a 07       		.byte	0x7
 112 004b 6A000000 		.4byte	.LASF5
 113 004f 02       		.uleb128 0x2
 114 0050 08       		.byte	0x8
 115 0051 05       		.byte	0x5
 116 0052 00000000 		.4byte	.LASF6
 117 0056 02       		.uleb128 0x2
 118 0057 08       		.byte	0x8
 119 0058 07       		.byte	0x7
 120 0059 7C000000 		.4byte	.LASF7
 121 005d 03       		.uleb128 0x3
 122 005e 04       		.byte	0x4
 123 005f 05       		.byte	0x5
 124 0060 696E7400 		.ascii	"int\000"
 125 0064 02       		.uleb128 0x2
 126 0065 04       		.byte	0x4
 127 0066 07       		.byte	0x7
 128 0067 0E000000 		.4byte	.LASF8
 129 006b 02       		.uleb128 0x2
 130 006c 04       		.byte	0x4
 131 006d 04       		.byte	0x4
 132 006e 93000000 		.4byte	.LASF9
 133 0072 02       		.uleb128 0x2
 134 0073 08       		.byte	0x8
 135 0074 04       		.byte	0x4
 136 0075 B5000000 		.4byte	.LASF10
 137 0079 02       		.uleb128 0x2
 138 007a 01       		.byte	0x1
 139 007b 08       		.byte	0x8
 140 007c A7000000 		.4byte	.LASF11
 141 0080 02       		.uleb128 0x2
 142 0081 04       		.byte	0x4
 143 0082 07       		.byte	0x7
 144 0083 7F010000 		.4byte	.LASF12
ARM GAS  C:\Users\Ade0n\AppData\Local\Temp\cc3ncjmm.s 			page 4


 145 0087 02       		.uleb128 0x2
 146 0088 08       		.byte	0x8
 147 0089 04       		.byte	0x4
 148 008a DB000000 		.4byte	.LASF13
 149 008e 04       		.uleb128 0x4
 150 008f 22000000 		.4byte	.LASF17
 151 0093 01       		.byte	0x1
 152 0094 0E       		.byte	0xe
 153 0095 5D000000 		.4byte	0x5d
 154 0099 00000000 		.4byte	.LFB35
 155 009d 34000000 		.4byte	.LFE35-.LFB35
 156 00a1 01       		.uleb128 0x1
 157 00a2 9C       		.byte	0x9c
 158 00a3 00       		.byte	0
 159              		.section	.debug_abbrev,"",%progbits
 160              	.Ldebug_abbrev0:
 161 0000 01       		.uleb128 0x1
 162 0001 11       		.uleb128 0x11
 163 0002 01       		.byte	0x1
 164 0003 25       		.uleb128 0x25
 165 0004 0E       		.uleb128 0xe
 166 0005 13       		.uleb128 0x13
 167 0006 0B       		.uleb128 0xb
 168 0007 03       		.uleb128 0x3
 169 0008 0E       		.uleb128 0xe
 170 0009 1B       		.uleb128 0x1b
 171 000a 0E       		.uleb128 0xe
 172 000b 55       		.uleb128 0x55
 173 000c 17       		.uleb128 0x17
 174 000d 11       		.uleb128 0x11
 175 000e 01       		.uleb128 0x1
 176 000f 10       		.uleb128 0x10
 177 0010 17       		.uleb128 0x17
 178 0011 00       		.byte	0
 179 0012 00       		.byte	0
 180 0013 02       		.uleb128 0x2
 181 0014 24       		.uleb128 0x24
 182 0015 00       		.byte	0
 183 0016 0B       		.uleb128 0xb
 184 0017 0B       		.uleb128 0xb
 185 0018 3E       		.uleb128 0x3e
 186 0019 0B       		.uleb128 0xb
 187 001a 03       		.uleb128 0x3
 188 001b 0E       		.uleb128 0xe
 189 001c 00       		.byte	0
 190 001d 00       		.byte	0
 191 001e 03       		.uleb128 0x3
 192 001f 24       		.uleb128 0x24
 193 0020 00       		.byte	0
 194 0021 0B       		.uleb128 0xb
 195 0022 0B       		.uleb128 0xb
 196 0023 3E       		.uleb128 0x3e
 197 0024 0B       		.uleb128 0xb
 198 0025 03       		.uleb128 0x3
 199 0026 08       		.uleb128 0x8
 200 0027 00       		.byte	0
 201 0028 00       		.byte	0
ARM GAS  C:\Users\Ade0n\AppData\Local\Temp\cc3ncjmm.s 			page 5


 202 0029 04       		.uleb128 0x4
 203 002a 2E       		.uleb128 0x2e
 204 002b 00       		.byte	0
 205 002c 3F       		.uleb128 0x3f
 206 002d 19       		.uleb128 0x19
 207 002e 03       		.uleb128 0x3
 208 002f 0E       		.uleb128 0xe
 209 0030 3A       		.uleb128 0x3a
 210 0031 0B       		.uleb128 0xb
 211 0032 3B       		.uleb128 0x3b
 212 0033 0B       		.uleb128 0xb
 213 0034 49       		.uleb128 0x49
 214 0035 13       		.uleb128 0x13
 215 0036 11       		.uleb128 0x11
 216 0037 01       		.uleb128 0x1
 217 0038 12       		.uleb128 0x12
 218 0039 06       		.uleb128 0x6
 219 003a 40       		.uleb128 0x40
 220 003b 18       		.uleb128 0x18
 221 003c 9642     		.uleb128 0x2116
 222 003e 19       		.uleb128 0x19
 223 003f 00       		.byte	0
 224 0040 00       		.byte	0
 225 0041 00       		.byte	0
 226              		.section	.debug_aranges,"",%progbits
 227 0000 1C000000 		.4byte	0x1c
 228 0004 0200     		.2byte	0x2
 229 0006 00000000 		.4byte	.Ldebug_info0
 230 000a 04       		.byte	0x4
 231 000b 00       		.byte	0
 232 000c 0000     		.2byte	0
 233 000e 0000     		.2byte	0
 234 0010 00000000 		.4byte	.LFB35
 235 0014 34000000 		.4byte	.LFE35-.LFB35
 236 0018 00000000 		.4byte	0
 237 001c 00000000 		.4byte	0
 238              		.section	.debug_ranges,"",%progbits
 239              	.Ldebug_ranges0:
 240 0000 00000000 		.4byte	.LFB35
 241 0004 34000000 		.4byte	.LFE35
 242 0008 00000000 		.4byte	0
 243 000c 00000000 		.4byte	0
 244              		.section	.debug_line,"",%progbits
 245              	.Ldebug_line0:
 246 0000 56000000 		.section	.debug_str,"MS",%progbits,1
 246      02001D00 
 246      00000201 
 246      FB0E0D00 
 246      01010101 
 247              	.LASF6:
 248 0000 6C6F6E67 		.ascii	"long long int\000"
 248      206C6F6E 
 248      6720696E 
 248      7400
 249              	.LASF8:
 250 000e 756E7369 		.ascii	"unsigned int\000"
 250      676E6564 
ARM GAS  C:\Users\Ade0n\AppData\Local\Temp\cc3ncjmm.s 			page 6


 250      20696E74 
 250      00
 251              	.LASF15:
 252 001b 6D61696E 		.ascii	"main.c\000"
 252      2E6300
 253              	.LASF17:
 254 0022 6D61696E 		.ascii	"main\000"
 254      00
 255              	.LASF16:
 256 0027 433A5C55 		.ascii	"C:\\Users\\Ade0n\\Desktop\\lab\\psoc_5-2-muliak_tru"
 256      73657273 
 256      5C416465 
 256      306E5C44 
 256      65736B74 
 257 0055 73685C4C 		.ascii	"sh\\Lab_1_1_LED.cydsn\000"
 257      61625F31 
 257      5F315F4C 
 257      45442E63 
 257      7964736E 
 258              	.LASF5:
 259 006a 6C6F6E67 		.ascii	"long unsigned int\000"
 259      20756E73 
 259      69676E65 
 259      6420696E 
 259      7400
 260              	.LASF7:
 261 007c 6C6F6E67 		.ascii	"long long unsigned int\000"
 261      206C6F6E 
 261      6720756E 
 261      7369676E 
 261      65642069 
 262              	.LASF9:
 263 0093 666C6F61 		.ascii	"float\000"
 263      7400
 264              	.LASF1:
 265 0099 756E7369 		.ascii	"unsigned char\000"
 265      676E6564 
 265      20636861 
 265      7200
 266              	.LASF11:
 267 00a7 63686172 		.ascii	"char\000"
 267      00
 268              	.LASF4:
 269 00ac 6C6F6E67 		.ascii	"long int\000"
 269      20696E74 
 269      00
 270              	.LASF10:
 271 00b5 646F7562 		.ascii	"double\000"
 271      6C6500
 272              	.LASF3:
 273 00bc 73686F72 		.ascii	"short unsigned int\000"
 273      7420756E 
 273      7369676E 
 273      65642069 
 273      6E7400
 274              	.LASF0:
 275 00cf 7369676E 		.ascii	"signed char\000"
ARM GAS  C:\Users\Ade0n\AppData\Local\Temp\cc3ncjmm.s 			page 7


 275      65642063 
 275      68617200 
 276              	.LASF13:
 277 00db 6C6F6E67 		.ascii	"long double\000"
 277      20646F75 
 277      626C6500 
 278              	.LASF2:
 279 00e7 73686F72 		.ascii	"short int\000"
 279      7420696E 
 279      7400
 280              	.LASF14:
 281 00f1 474E5520 		.ascii	"GNU C11 5.4.1 20160609 (release) [ARM/embedded-5-br"
 281      43313120 
 281      352E342E 
 281      31203230 
 281      31363036 
 282 0124 616E6368 		.ascii	"anch revision 237715] -mcpu=cortex-m0 -mthumb -g -O"
 282      20726576 
 282      6973696F 
 282      6E203233 
 282      37373135 
 283 0157 30202D66 		.ascii	"0 -ffunction-sections -ffat-lto-objects\000"
 283      66756E63 
 283      74696F6E 
 283      2D736563 
 283      74696F6E 
 284              	.LASF12:
 285 017f 73697A65 		.ascii	"sizetype\000"
 285      74797065 
 285      00
 286              		.ident	"GCC: (GNU Tools for ARM Embedded Processors) 5.4.1 20160609 (release) [ARM/embedded-5-bran
