ARM GAS  C:\Users\Ade0n\AppData\Local\Temp\ccn3nftU.s 			page 1


   1              		.syntax unified
   2              		.cpu cortex-m0
   3              		.fpu softvfp
   4              		.eabi_attribute 20, 1
   5              		.eabi_attribute 21, 1
   6              		.eabi_attribute 23, 3
   7              		.eabi_attribute 24, 1
   8              		.eabi_attribute 25, 1
   9              		.eabi_attribute 26, 1
  10              		.eabi_attribute 30, 1
  11              		.eabi_attribute 34, 0
  12              		.eabi_attribute 18, 4
  13              		.thumb
  14              		.syntax unified
  15              		.file	"cyfitter_cfg.c"
  16              		.text
  17              	.Ltext0:
  18              		.cfi_sections	.debug_frame
  19              		.section	.text.cfg_write_bytes32,"ax",%progbits
  20              		.align	2
  21              		.code	16
  22              		.thumb_func
  23              		.type	cfg_write_bytes32, %function
  24              	cfg_write_bytes32:
  25              	.LFB5:
  26              		.file 1 "Generated_Source\\PSoC4\\cyfitter_cfg.c"
   1:Generated_Source\PSoC4/cyfitter_cfg.c **** 
   2:Generated_Source\PSoC4/cyfitter_cfg.c **** /*******************************************************************************
   3:Generated_Source\PSoC4/cyfitter_cfg.c **** * File Name: cyfitter_cfg.c
   4:Generated_Source\PSoC4/cyfitter_cfg.c **** * 
   5:Generated_Source\PSoC4/cyfitter_cfg.c **** * PSoC Creator  4.4
   6:Generated_Source\PSoC4/cyfitter_cfg.c **** *
   7:Generated_Source\PSoC4/cyfitter_cfg.c **** * Description:
   8:Generated_Source\PSoC4/cyfitter_cfg.c **** * This file contains device initialization code.
   9:Generated_Source\PSoC4/cyfitter_cfg.c **** * Except for the user defined sections in CyClockStartupError(), this file should not be modified.
  10:Generated_Source\PSoC4/cyfitter_cfg.c **** * This file is automatically generated by PSoC Creator.
  11:Generated_Source\PSoC4/cyfitter_cfg.c **** *
  12:Generated_Source\PSoC4/cyfitter_cfg.c **** ********************************************************************************
  13:Generated_Source\PSoC4/cyfitter_cfg.c **** * Copyright (c) 2007-2020 Cypress Semiconductor.  All rights reserved.
  14:Generated_Source\PSoC4/cyfitter_cfg.c **** * You may use this file only in accordance with the license, terms, conditions, 
  15:Generated_Source\PSoC4/cyfitter_cfg.c **** * disclaimers, and limitations in the end user license agreement accompanying 
  16:Generated_Source\PSoC4/cyfitter_cfg.c **** * the software package with which this file was provided.
  17:Generated_Source\PSoC4/cyfitter_cfg.c **** ********************************************************************************/
  18:Generated_Source\PSoC4/cyfitter_cfg.c **** 
  19:Generated_Source\PSoC4/cyfitter_cfg.c **** #include <string.h>
  20:Generated_Source\PSoC4/cyfitter_cfg.c **** #include "cytypes.h"
  21:Generated_Source\PSoC4/cyfitter_cfg.c **** #include "cydevice_trm.h"
  22:Generated_Source\PSoC4/cyfitter_cfg.c **** #include "cyfitter.h"
  23:Generated_Source\PSoC4/cyfitter_cfg.c **** #include "CyLib.h"
  24:Generated_Source\PSoC4/cyfitter_cfg.c **** #include "CyLFClk.h"
  25:Generated_Source\PSoC4/cyfitter_cfg.c **** #include "cyfitter_cfg.h"
  26:Generated_Source\PSoC4/cyfitter_cfg.c **** #include "cyapicallbacks.h"
  27:Generated_Source\PSoC4/cyfitter_cfg.c **** 
  28:Generated_Source\PSoC4/cyfitter_cfg.c **** 
  29:Generated_Source\PSoC4/cyfitter_cfg.c **** #if defined(__GNUC__) || defined(__ARMCC_VERSION)
  30:Generated_Source\PSoC4/cyfitter_cfg.c ****     #define CYPACKED 
  31:Generated_Source\PSoC4/cyfitter_cfg.c ****     #define CYPACKED_ATTR __attribute__ ((packed))
ARM GAS  C:\Users\Ade0n\AppData\Local\Temp\ccn3nftU.s 			page 2


  32:Generated_Source\PSoC4/cyfitter_cfg.c ****     #define CYALIGNED __attribute__ ((aligned))
  33:Generated_Source\PSoC4/cyfitter_cfg.c ****     #define CY_CFG_UNUSED __attribute__ ((unused))
  34:Generated_Source\PSoC4/cyfitter_cfg.c ****     #ifndef CY_CFG_SECTION
  35:Generated_Source\PSoC4/cyfitter_cfg.c ****         #define CY_CFG_SECTION __attribute__ ((section(".psocinit")))
  36:Generated_Source\PSoC4/cyfitter_cfg.c ****     #endif
  37:Generated_Source\PSoC4/cyfitter_cfg.c ****     
  38:Generated_Source\PSoC4/cyfitter_cfg.c ****     #if defined(__ARMCC_VERSION)
  39:Generated_Source\PSoC4/cyfitter_cfg.c ****         #define CY_CFG_MEMORY_BARRIER() __memory_changed()
  40:Generated_Source\PSoC4/cyfitter_cfg.c ****     #else
  41:Generated_Source\PSoC4/cyfitter_cfg.c ****         #define CY_CFG_MEMORY_BARRIER() __sync_synchronize()
  42:Generated_Source\PSoC4/cyfitter_cfg.c ****     #endif
  43:Generated_Source\PSoC4/cyfitter_cfg.c ****     
  44:Generated_Source\PSoC4/cyfitter_cfg.c **** #elif defined(__ICCARM__)
  45:Generated_Source\PSoC4/cyfitter_cfg.c ****     #include <intrinsics.h>
  46:Generated_Source\PSoC4/cyfitter_cfg.c **** 
  47:Generated_Source\PSoC4/cyfitter_cfg.c ****     #define CYPACKED __packed
  48:Generated_Source\PSoC4/cyfitter_cfg.c ****     #define CYPACKED_ATTR 
  49:Generated_Source\PSoC4/cyfitter_cfg.c ****     #define CYALIGNED _Pragma("data_alignment=4")
  50:Generated_Source\PSoC4/cyfitter_cfg.c ****     #define CY_CFG_UNUSED _Pragma("diag_suppress=Pe177")
  51:Generated_Source\PSoC4/cyfitter_cfg.c ****     #define CY_CFG_SECTION _Pragma("location=\".psocinit\"")
  52:Generated_Source\PSoC4/cyfitter_cfg.c ****     
  53:Generated_Source\PSoC4/cyfitter_cfg.c ****     #define CY_CFG_MEMORY_BARRIER() __DMB()
  54:Generated_Source\PSoC4/cyfitter_cfg.c ****     
  55:Generated_Source\PSoC4/cyfitter_cfg.c **** #else
  56:Generated_Source\PSoC4/cyfitter_cfg.c ****     #error Unsupported toolchain
  57:Generated_Source\PSoC4/cyfitter_cfg.c **** #endif
  58:Generated_Source\PSoC4/cyfitter_cfg.c **** 
  59:Generated_Source\PSoC4/cyfitter_cfg.c **** #ifndef CYCODE
  60:Generated_Source\PSoC4/cyfitter_cfg.c ****     #define CYCODE
  61:Generated_Source\PSoC4/cyfitter_cfg.c **** #endif
  62:Generated_Source\PSoC4/cyfitter_cfg.c **** #ifndef CYDATA
  63:Generated_Source\PSoC4/cyfitter_cfg.c ****     #define CYDATA
  64:Generated_Source\PSoC4/cyfitter_cfg.c **** #endif
  65:Generated_Source\PSoC4/cyfitter_cfg.c **** #ifndef CYFAR
  66:Generated_Source\PSoC4/cyfitter_cfg.c ****     #define CYFAR
  67:Generated_Source\PSoC4/cyfitter_cfg.c **** #endif
  68:Generated_Source\PSoC4/cyfitter_cfg.c **** #ifndef CYXDATA
  69:Generated_Source\PSoC4/cyfitter_cfg.c ****     #define CYXDATA
  70:Generated_Source\PSoC4/cyfitter_cfg.c **** #endif
  71:Generated_Source\PSoC4/cyfitter_cfg.c **** 
  72:Generated_Source\PSoC4/cyfitter_cfg.c **** 
  73:Generated_Source\PSoC4/cyfitter_cfg.c **** CY_CFG_UNUSED
  74:Generated_Source\PSoC4/cyfitter_cfg.c **** static void CYMEMZERO(void *s, size_t n);
  75:Generated_Source\PSoC4/cyfitter_cfg.c **** CY_CFG_UNUSED
  76:Generated_Source\PSoC4/cyfitter_cfg.c **** static void CYMEMZERO(void *s, size_t n)
  77:Generated_Source\PSoC4/cyfitter_cfg.c **** {
  78:Generated_Source\PSoC4/cyfitter_cfg.c **** 	(void)memset(s, 0, n);
  79:Generated_Source\PSoC4/cyfitter_cfg.c **** }
  80:Generated_Source\PSoC4/cyfitter_cfg.c **** CY_CFG_UNUSED
  81:Generated_Source\PSoC4/cyfitter_cfg.c **** static void CYCONFIGCPY(void *dest, const void *src, size_t n);
  82:Generated_Source\PSoC4/cyfitter_cfg.c **** CY_CFG_UNUSED
  83:Generated_Source\PSoC4/cyfitter_cfg.c **** static void CYCONFIGCPY(void *dest, const void *src, size_t n)
  84:Generated_Source\PSoC4/cyfitter_cfg.c **** {
  85:Generated_Source\PSoC4/cyfitter_cfg.c **** 	(void)memcpy(dest, src, n);
  86:Generated_Source\PSoC4/cyfitter_cfg.c **** }
  87:Generated_Source\PSoC4/cyfitter_cfg.c **** CY_CFG_UNUSED
  88:Generated_Source\PSoC4/cyfitter_cfg.c **** static void CYCONFIGCPYCODE(void *dest, const void *src, size_t n);
ARM GAS  C:\Users\Ade0n\AppData\Local\Temp\ccn3nftU.s 			page 3


  89:Generated_Source\PSoC4/cyfitter_cfg.c **** CY_CFG_UNUSED
  90:Generated_Source\PSoC4/cyfitter_cfg.c **** static void CYCONFIGCPYCODE(void *dest, const void *src, size_t n)
  91:Generated_Source\PSoC4/cyfitter_cfg.c **** {
  92:Generated_Source\PSoC4/cyfitter_cfg.c **** 	(void)memcpy(dest, src, n);
  93:Generated_Source\PSoC4/cyfitter_cfg.c **** }
  94:Generated_Source\PSoC4/cyfitter_cfg.c **** 
  95:Generated_Source\PSoC4/cyfitter_cfg.c **** 
  96:Generated_Source\PSoC4/cyfitter_cfg.c **** 
  97:Generated_Source\PSoC4/cyfitter_cfg.c **** 
  98:Generated_Source\PSoC4/cyfitter_cfg.c **** /* Clock startup error codes                                                   */
  99:Generated_Source\PSoC4/cyfitter_cfg.c **** #define CYCLOCKSTART_NO_ERROR    0u
 100:Generated_Source\PSoC4/cyfitter_cfg.c **** #define CYCLOCKSTART_XTAL_ERROR  1u
 101:Generated_Source\PSoC4/cyfitter_cfg.c **** #define CYCLOCKSTART_32KHZ_ERROR 2u
 102:Generated_Source\PSoC4/cyfitter_cfg.c **** #define CYCLOCKSTART_PLL_ERROR   3u
 103:Generated_Source\PSoC4/cyfitter_cfg.c **** #define CYCLOCKSTART_FLL_ERROR   4u
 104:Generated_Source\PSoC4/cyfitter_cfg.c **** #define CYCLOCKSTART_WCO_ERROR   5u
 105:Generated_Source\PSoC4/cyfitter_cfg.c **** 
 106:Generated_Source\PSoC4/cyfitter_cfg.c **** 
 107:Generated_Source\PSoC4/cyfitter_cfg.c **** #ifdef CY_NEED_CYCLOCKSTARTUPERROR
 108:Generated_Source\PSoC4/cyfitter_cfg.c **** /*******************************************************************************
 109:Generated_Source\PSoC4/cyfitter_cfg.c **** * Function Name: CyClockStartupError
 110:Generated_Source\PSoC4/cyfitter_cfg.c **** ********************************************************************************
 111:Generated_Source\PSoC4/cyfitter_cfg.c **** * Summary:
 112:Generated_Source\PSoC4/cyfitter_cfg.c **** *  If an error is encountered during clock configuration (crystal startup error,
 113:Generated_Source\PSoC4/cyfitter_cfg.c **** *  PLL lock error, etc.), the system will end up here.  Unless reimplemented by
 114:Generated_Source\PSoC4/cyfitter_cfg.c **** *  the customer, this function will stop in an infinite loop.
 115:Generated_Source\PSoC4/cyfitter_cfg.c **** *
 116:Generated_Source\PSoC4/cyfitter_cfg.c **** * Parameters:
 117:Generated_Source\PSoC4/cyfitter_cfg.c **** *   void
 118:Generated_Source\PSoC4/cyfitter_cfg.c **** *
 119:Generated_Source\PSoC4/cyfitter_cfg.c **** * Return:
 120:Generated_Source\PSoC4/cyfitter_cfg.c **** *   void
 121:Generated_Source\PSoC4/cyfitter_cfg.c **** *
 122:Generated_Source\PSoC4/cyfitter_cfg.c **** *******************************************************************************/
 123:Generated_Source\PSoC4/cyfitter_cfg.c **** CY_CFG_UNUSED
 124:Generated_Source\PSoC4/cyfitter_cfg.c **** static void CyClockStartupError(uint8 errorCode);
 125:Generated_Source\PSoC4/cyfitter_cfg.c **** CY_CFG_UNUSED
 126:Generated_Source\PSoC4/cyfitter_cfg.c **** static void CyClockStartupError(uint8 errorCode)
 127:Generated_Source\PSoC4/cyfitter_cfg.c **** {
 128:Generated_Source\PSoC4/cyfitter_cfg.c ****     /* To remove the compiler warning if errorCode not used.                */
 129:Generated_Source\PSoC4/cyfitter_cfg.c ****     errorCode = errorCode;
 130:Generated_Source\PSoC4/cyfitter_cfg.c **** 
 131:Generated_Source\PSoC4/cyfitter_cfg.c ****     /* If we have a clock startup error (bad MHz crystal, PLL lock, etc.),  */
 132:Generated_Source\PSoC4/cyfitter_cfg.c ****     /* we will end up here to allow the customer to implement something to  */
 133:Generated_Source\PSoC4/cyfitter_cfg.c ****     /* deal with the clock condition.                                       */
 134:Generated_Source\PSoC4/cyfitter_cfg.c **** 
 135:Generated_Source\PSoC4/cyfitter_cfg.c **** #ifdef CY_CFG_CLOCK_STARTUP_ERROR_CALLBACK
 136:Generated_Source\PSoC4/cyfitter_cfg.c ****     CY_CFG_Clock_Startup_ErrorCallback();
 137:Generated_Source\PSoC4/cyfitter_cfg.c **** #else
 138:Generated_Source\PSoC4/cyfitter_cfg.c ****     /*  If not using CY_CFG_CLOCK_STARTUP_ERROR_CALLBACK, place your clock startup code here. */
 139:Generated_Source\PSoC4/cyfitter_cfg.c ****     /* `#START CyClockStartupError` */
 140:Generated_Source\PSoC4/cyfitter_cfg.c **** 
 141:Generated_Source\PSoC4/cyfitter_cfg.c **** 
 142:Generated_Source\PSoC4/cyfitter_cfg.c **** 
 143:Generated_Source\PSoC4/cyfitter_cfg.c ****     /* `#END` */
 144:Generated_Source\PSoC4/cyfitter_cfg.c **** 
 145:Generated_Source\PSoC4/cyfitter_cfg.c ****     while(1) {}
ARM GAS  C:\Users\Ade0n\AppData\Local\Temp\ccn3nftU.s 			page 4


 146:Generated_Source\PSoC4/cyfitter_cfg.c **** #endif /* CY_CFG_CLOCK_STARTUP_ERROR_CALLBACK */
 147:Generated_Source\PSoC4/cyfitter_cfg.c **** }
 148:Generated_Source\PSoC4/cyfitter_cfg.c **** #endif
 149:Generated_Source\PSoC4/cyfitter_cfg.c **** 
 150:Generated_Source\PSoC4/cyfitter_cfg.c **** #define CY_CFG_BASE_ADDR_COUNT 2u
 151:Generated_Source\PSoC4/cyfitter_cfg.c **** CYPACKED typedef struct
 152:Generated_Source\PSoC4/cyfitter_cfg.c **** {
 153:Generated_Source\PSoC4/cyfitter_cfg.c **** 	uint8 offset;
 154:Generated_Source\PSoC4/cyfitter_cfg.c **** 	uint8 value;
 155:Generated_Source\PSoC4/cyfitter_cfg.c **** } CYPACKED_ATTR cy_cfg_addrvalue_t;
 156:Generated_Source\PSoC4/cyfitter_cfg.c **** 
 157:Generated_Source\PSoC4/cyfitter_cfg.c **** 
 158:Generated_Source\PSoC4/cyfitter_cfg.c **** 
 159:Generated_Source\PSoC4/cyfitter_cfg.c **** /*******************************************************************************
 160:Generated_Source\PSoC4/cyfitter_cfg.c **** * Function Name: cfg_write_bytes32
 161:Generated_Source\PSoC4/cyfitter_cfg.c **** ********************************************************************************
 162:Generated_Source\PSoC4/cyfitter_cfg.c **** * Summary:
 163:Generated_Source\PSoC4/cyfitter_cfg.c **** *  This function is used for setting up the chip configuration areas that
 164:Generated_Source\PSoC4/cyfitter_cfg.c **** *  contain relatively sparse data.
 165:Generated_Source\PSoC4/cyfitter_cfg.c **** *
 166:Generated_Source\PSoC4/cyfitter_cfg.c **** * Parameters:
 167:Generated_Source\PSoC4/cyfitter_cfg.c **** *   void
 168:Generated_Source\PSoC4/cyfitter_cfg.c **** *
 169:Generated_Source\PSoC4/cyfitter_cfg.c **** * Return:
 170:Generated_Source\PSoC4/cyfitter_cfg.c **** *   void
 171:Generated_Source\PSoC4/cyfitter_cfg.c **** *
 172:Generated_Source\PSoC4/cyfitter_cfg.c **** *******************************************************************************/
 173:Generated_Source\PSoC4/cyfitter_cfg.c **** static void cfg_write_bytes32(const uint32 addr_table[], const cy_cfg_addrvalue_t data_table[]);
 174:Generated_Source\PSoC4/cyfitter_cfg.c **** static void cfg_write_bytes32(const uint32 addr_table[], const cy_cfg_addrvalue_t data_table[])
 175:Generated_Source\PSoC4/cyfitter_cfg.c **** {
  27              		.loc 1 175 0
  28              		.cfi_startproc
  29              		@ args = 0, pretend = 0, frame = 0
  30              		@ frame_needed = 0, uses_anonymous_args = 0
  31              	.LVL0:
  32 0000 F0B5     		push	{r4, r5, r6, r7, lr}
  33              		.cfi_def_cfa_offset 20
  34              		.cfi_offset 4, -20
  35              		.cfi_offset 5, -16
  36              		.cfi_offset 6, -12
  37              		.cfi_offset 7, -8
  38              		.cfi_offset 14, -4
  39              	.LVL1:
 176:Generated_Source\PSoC4/cyfitter_cfg.c **** 	/* For 32-bit little-endian architectures */
 177:Generated_Source\PSoC4/cyfitter_cfg.c **** 	uint32 i, j = 0u;
  40              		.loc 1 177 0
  41 0002 0025     		movs	r5, #0
 178:Generated_Source\PSoC4/cyfitter_cfg.c **** 	for (i = 0u; i < CY_CFG_BASE_ADDR_COUNT; i++)
  42              		.loc 1 178 0
  43 0004 0027     		movs	r7, #0
  44 0006 11E0     		b	.L2
  45              	.LVL2:
  46              	.L5:
  47              	.LBB2:
 179:Generated_Source\PSoC4/cyfitter_cfg.c **** 	{
 180:Generated_Source\PSoC4/cyfitter_cfg.c **** 		uint32 baseAddr = addr_table[i];
  48              		.loc 1 180 0
ARM GAS  C:\Users\Ade0n\AppData\Local\Temp\ccn3nftU.s 			page 5


  49 0008 BB00     		lsls	r3, r7, #2
  50 000a C658     		ldr	r6, [r0, r3]
  51              	.LVL3:
 181:Generated_Source\PSoC4/cyfitter_cfg.c **** 		uint8 count = (uint8)baseAddr;
  52              		.loc 1 181 0
  53 000c F3B2     		uxtb	r3, r6
  54              	.LVL4:
 182:Generated_Source\PSoC4/cyfitter_cfg.c **** 		baseAddr &= 0xFFFFFF00u;
  55              		.loc 1 182 0
  56 000e FF22     		movs	r2, #255
  57 0010 9643     		bics	r6, r2
  58              	.LVL5:
 183:Generated_Source\PSoC4/cyfitter_cfg.c **** 		while (count != 0u)
  59              		.loc 1 183 0
  60 0012 08E0     		b	.L3
  61              	.L4:
 184:Generated_Source\PSoC4/cyfitter_cfg.c **** 		{
 185:Generated_Source\PSoC4/cyfitter_cfg.c **** 			CY_SET_REG8((void *)(baseAddr + data_table[j].offset), data_table[j].value);
  62              		.loc 1 185 0
  63 0014 6A00     		lsls	r2, r5, #1
  64 0016 8A18     		adds	r2, r1, r2
  65 0018 1478     		ldrb	r4, [r2]
  66 001a A419     		adds	r4, r4, r6
  67 001c 5278     		ldrb	r2, [r2, #1]
  68 001e 2270     		strb	r2, [r4]
 186:Generated_Source\PSoC4/cyfitter_cfg.c **** 			j++;
  69              		.loc 1 186 0
  70 0020 0135     		adds	r5, r5, #1
  71              	.LVL6:
 187:Generated_Source\PSoC4/cyfitter_cfg.c **** 			count--;
  72              		.loc 1 187 0
  73 0022 013B     		subs	r3, r3, #1
  74              	.LVL7:
  75 0024 DBB2     		uxtb	r3, r3
  76              	.LVL8:
  77              	.L3:
 183:Generated_Source\PSoC4/cyfitter_cfg.c **** 		{
  78              		.loc 1 183 0
  79 0026 002B     		cmp	r3, #0
  80 0028 F4D1     		bne	.L4
  81              	.LBE2:
 178:Generated_Source\PSoC4/cyfitter_cfg.c **** 	{
  82              		.loc 1 178 0 discriminator 2
  83 002a 0137     		adds	r7, r7, #1
  84              	.LVL9:
  85              	.L2:
 178:Generated_Source\PSoC4/cyfitter_cfg.c **** 	{
  86              		.loc 1 178 0 is_stmt 0 discriminator 1
  87 002c 012F     		cmp	r7, #1
  88 002e EBD9     		bls	.L5
 188:Generated_Source\PSoC4/cyfitter_cfg.c **** 		}
 189:Generated_Source\PSoC4/cyfitter_cfg.c **** 	}
 190:Generated_Source\PSoC4/cyfitter_cfg.c **** }
  89              		.loc 1 190 0 is_stmt 1
  90              		@ sp needed
  91              	.LVL10:
  92              	.LVL11:
ARM GAS  C:\Users\Ade0n\AppData\Local\Temp\ccn3nftU.s 			page 6


  93 0030 F0BD     		pop	{r4, r5, r6, r7, pc}
  94              		.cfi_endproc
  95              	.LFE5:
  96              		.size	cfg_write_bytes32, .-cfg_write_bytes32
  97 0032 C046     		.section	.text.AnalogSetDefault,"ax",%progbits
  98              		.align	2
  99              		.code	16
 100              		.thumb_func
 101              		.type	AnalogSetDefault, %function
 102              	AnalogSetDefault:
 103              	.LFB7:
 191:Generated_Source\PSoC4/cyfitter_cfg.c **** 
 192:Generated_Source\PSoC4/cyfitter_cfg.c **** 
 193:Generated_Source\PSoC4/cyfitter_cfg.c **** /*******************************************************************************
 194:Generated_Source\PSoC4/cyfitter_cfg.c **** * Function Name: ClockSetup
 195:Generated_Source\PSoC4/cyfitter_cfg.c **** ********************************************************************************
 196:Generated_Source\PSoC4/cyfitter_cfg.c **** *
 197:Generated_Source\PSoC4/cyfitter_cfg.c **** * Summary:
 198:Generated_Source\PSoC4/cyfitter_cfg.c **** *   Performs the initialization of all of the clocks in the device based on the
 199:Generated_Source\PSoC4/cyfitter_cfg.c **** *   settings in the Clock tab of the DWR.  This includes enabling the requested
 200:Generated_Source\PSoC4/cyfitter_cfg.c **** *   clocks and setting the necessary dividers to produce the desired frequency. 
 201:Generated_Source\PSoC4/cyfitter_cfg.c **** *
 202:Generated_Source\PSoC4/cyfitter_cfg.c **** * Parameters:
 203:Generated_Source\PSoC4/cyfitter_cfg.c **** *   void
 204:Generated_Source\PSoC4/cyfitter_cfg.c **** *
 205:Generated_Source\PSoC4/cyfitter_cfg.c **** * Return:
 206:Generated_Source\PSoC4/cyfitter_cfg.c **** *   void
 207:Generated_Source\PSoC4/cyfitter_cfg.c **** *
 208:Generated_Source\PSoC4/cyfitter_cfg.c **** *******************************************************************************/
 209:Generated_Source\PSoC4/cyfitter_cfg.c **** static void ClockSetup(void);
 210:Generated_Source\PSoC4/cyfitter_cfg.c **** CY_CFG_SECTION
 211:Generated_Source\PSoC4/cyfitter_cfg.c **** static void ClockSetup(void)
 212:Generated_Source\PSoC4/cyfitter_cfg.c **** {
 213:Generated_Source\PSoC4/cyfitter_cfg.c **** 
 214:Generated_Source\PSoC4/cyfitter_cfg.c **** 	/* Set Flash Cycles based on max possible frequency in case a glitch occurs during ClockSetup(). *
 215:Generated_Source\PSoC4/cyfitter_cfg.c **** 	CY_SET_REG32((void CYXDATA *)(CYREG_CPUSS_FLASH_CTL), (0x0012u));
 216:Generated_Source\PSoC4/cyfitter_cfg.c **** 
 217:Generated_Source\PSoC4/cyfitter_cfg.c **** 	/* Start the WCO */
 218:Generated_Source\PSoC4/cyfitter_cfg.c **** 	CySysClkWcoStart();
 219:Generated_Source\PSoC4/cyfitter_cfg.c **** 	CyDelayCycles(12000000u); /* WCO may take up to 500ms to start */
 220:Generated_Source\PSoC4/cyfitter_cfg.c **** 	(void)CySysClkWcoSetPowerMode(CY_SYS_CLK_WCO_LPM);    /* Switch to the low power mode */
 221:Generated_Source\PSoC4/cyfitter_cfg.c **** 
 222:Generated_Source\PSoC4/cyfitter_cfg.c **** 	/* Setup and trim IMO based on desired frequency. */
 223:Generated_Source\PSoC4/cyfitter_cfg.c **** 	CySysClkWriteImoFreq(48u);
 224:Generated_Source\PSoC4/cyfitter_cfg.c **** 	/* CYDEV_CLK_ILO_CONFIG Starting address: CYDEV_CLK_ILO_CONFIG */
 225:Generated_Source\PSoC4/cyfitter_cfg.c **** 	CY_SET_REG32((void *)(CYREG_CLK_ILO_CONFIG), 0x80000006u);
 226:Generated_Source\PSoC4/cyfitter_cfg.c **** 
 227:Generated_Source\PSoC4/cyfitter_cfg.c **** 	/* CYDEV_WDT_CONFIG Starting address: CYDEV_WDT_CONFIG */
 228:Generated_Source\PSoC4/cyfitter_cfg.c **** 	CY_SET_REG32((void *)(CYREG_WDT_CONFIG), 0x40000000u);
 229:Generated_Source\PSoC4/cyfitter_cfg.c **** 
 230:Generated_Source\PSoC4/cyfitter_cfg.c **** 
 231:Generated_Source\PSoC4/cyfitter_cfg.c **** 	/* Enable fast start mode for XO */
 232:Generated_Source\PSoC4/cyfitter_cfg.c **** 	CY_SET_REG32((void*)CYREG_BLE_BLERD_BB_XO, CY_GET_REG32((void*)CYREG_BLE_BLERD_BB_XO) | (uint32)0x
 233:Generated_Source\PSoC4/cyfitter_cfg.c **** 	CY_SET_REG32((void *)(CYREG_BLE_BLERD_BB_XO_CAPTRIM), 0x00003E2Du);
 234:Generated_Source\PSoC4/cyfitter_cfg.c **** 	/*Set XTAL(ECO) divider*/
 235:Generated_Source\PSoC4/cyfitter_cfg.c **** 	CY_SET_REG32((void *)(CYREG_BLE_BLESS_XTAL_CLK_DIV_CONFIG), 0x00000000u);
 236:Generated_Source\PSoC4/cyfitter_cfg.c **** 	/* Disable Crystal Stable Interrupt before enabling ECO */
ARM GAS  C:\Users\Ade0n\AppData\Local\Temp\ccn3nftU.s 			page 7


 237:Generated_Source\PSoC4/cyfitter_cfg.c **** 	CY_SET_REG32((void*)CYREG_BLE_BLESS_LL_DSM_CTRL, CY_GET_REG32((void*)CYREG_BLE_BLESS_LL_DSM_CTRL) 
 238:Generated_Source\PSoC4/cyfitter_cfg.c **** 	/* Start the ECO and do not check status since it is not needed for HFCLK */
 239:Generated_Source\PSoC4/cyfitter_cfg.c **** 	(void)CySysClkEcoStart(2000u);
 240:Generated_Source\PSoC4/cyfitter_cfg.c **** 	CyDelayUs(1500u); /* Wait to stabilize */
 241:Generated_Source\PSoC4/cyfitter_cfg.c **** 
 242:Generated_Source\PSoC4/cyfitter_cfg.c **** 	/* Setup phase aligned clocks */
 243:Generated_Source\PSoC4/cyfitter_cfg.c **** 	CY_SET_REG32((void *)CYREG_PERI_DIV_16_CTL0, 0x00000300u);
 244:Generated_Source\PSoC4/cyfitter_cfg.c **** 	CY_SET_REG32((void *)CYREG_PERI_DIV_CMD, 0x8000FF40u);
 245:Generated_Source\PSoC4/cyfitter_cfg.c **** 
 246:Generated_Source\PSoC4/cyfitter_cfg.c **** 	/* CYDEV_CLK_IMO_CONFIG Starting address: CYDEV_CLK_IMO_CONFIG */
 247:Generated_Source\PSoC4/cyfitter_cfg.c **** 	CY_SET_REG32((void *)(CYREG_CLK_IMO_CONFIG), 0x80000000u);
 248:Generated_Source\PSoC4/cyfitter_cfg.c **** 
 249:Generated_Source\PSoC4/cyfitter_cfg.c **** 	/* CYDEV_CLK_SELECT Starting address: CYDEV_CLK_SELECT */
 250:Generated_Source\PSoC4/cyfitter_cfg.c **** 	CY_SET_REG32((void *)(CYREG_CLK_SELECT), 0x00040000u);
 251:Generated_Source\PSoC4/cyfitter_cfg.c **** 
 252:Generated_Source\PSoC4/cyfitter_cfg.c **** 	/* CYDEV_PERI_PCLK_CTL7 Starting address: CYDEV_PERI_PCLK_CTL7 */
 253:Generated_Source\PSoC4/cyfitter_cfg.c **** 	CY_SET_REG32((void *)(CYREG_PERI_PCLK_CTL7), 0x00000040u);
 254:Generated_Source\PSoC4/cyfitter_cfg.c **** 
 255:Generated_Source\PSoC4/cyfitter_cfg.c **** 	(void)CyIntSetVector(8u, &CySysWdtIsr);
 256:Generated_Source\PSoC4/cyfitter_cfg.c **** 	CyIntEnable(8u);
 257:Generated_Source\PSoC4/cyfitter_cfg.c **** 	CY_SET_REG32((void *)(CYREG_WDT_CONFIG), 0x40000000u);
 258:Generated_Source\PSoC4/cyfitter_cfg.c **** }
 259:Generated_Source\PSoC4/cyfitter_cfg.c **** 
 260:Generated_Source\PSoC4/cyfitter_cfg.c **** 
 261:Generated_Source\PSoC4/cyfitter_cfg.c **** /* Analog API Functions */
 262:Generated_Source\PSoC4/cyfitter_cfg.c **** 
 263:Generated_Source\PSoC4/cyfitter_cfg.c **** 
 264:Generated_Source\PSoC4/cyfitter_cfg.c **** /*******************************************************************************
 265:Generated_Source\PSoC4/cyfitter_cfg.c **** * Function Name: AnalogSetDefault
 266:Generated_Source\PSoC4/cyfitter_cfg.c **** ********************************************************************************
 267:Generated_Source\PSoC4/cyfitter_cfg.c **** *
 268:Generated_Source\PSoC4/cyfitter_cfg.c **** * Summary:
 269:Generated_Source\PSoC4/cyfitter_cfg.c **** *  Sets up the analog portions of the chip to default values based on chip
 270:Generated_Source\PSoC4/cyfitter_cfg.c **** *  configuration options from the project.
 271:Generated_Source\PSoC4/cyfitter_cfg.c **** *
 272:Generated_Source\PSoC4/cyfitter_cfg.c **** * Parameters:
 273:Generated_Source\PSoC4/cyfitter_cfg.c **** *  void
 274:Generated_Source\PSoC4/cyfitter_cfg.c **** *
 275:Generated_Source\PSoC4/cyfitter_cfg.c **** * Return:
 276:Generated_Source\PSoC4/cyfitter_cfg.c **** *  void
 277:Generated_Source\PSoC4/cyfitter_cfg.c **** *
 278:Generated_Source\PSoC4/cyfitter_cfg.c **** *******************************************************************************/
 279:Generated_Source\PSoC4/cyfitter_cfg.c **** static void AnalogSetDefault(void);
 280:Generated_Source\PSoC4/cyfitter_cfg.c **** static void AnalogSetDefault(void)
 281:Generated_Source\PSoC4/cyfitter_cfg.c **** {
 104              		.loc 1 281 0
 105              		.cfi_startproc
 106              		@ args = 0, pretend = 0, frame = 0
 107              		@ frame_needed = 0, uses_anonymous_args = 0
 108              		@ link register save eliminated.
 282:Generated_Source\PSoC4/cyfitter_cfg.c **** 	CY_SET_XTND_REG32((void CYFAR *)CYREG_CTBM0_DFT_CTRL, 0x00000003u);
 109              		.loc 1 282 0
 110 0000 0323     		movs	r3, #3
 111 0002 044A     		ldr	r2, .L7
 112 0004 1360     		str	r3, [r2]
 283:Generated_Source\PSoC4/cyfitter_cfg.c **** 	CY_SET_XTND_REG32((void CYFAR *)CYREG_CTBM1_DFT_CTRL, 0x00000003u);
 113              		.loc 1 283 0
ARM GAS  C:\Users\Ade0n\AppData\Local\Temp\ccn3nftU.s 			page 8


 114 0006 044A     		ldr	r2, .L7+4
 115 0008 1360     		str	r3, [r2]
 284:Generated_Source\PSoC4/cyfitter_cfg.c **** 	CY_SET_XTND_REG32((void CYFAR *)CYREG_PASS_DSAB_DSAB_CTRL, 0x00000000u);
 116              		.loc 1 284 0
 117 000a 0022     		movs	r2, #0
 118 000c 034B     		ldr	r3, .L7+8
 119 000e 1A60     		str	r2, [r3]
 285:Generated_Source\PSoC4/cyfitter_cfg.c **** }
 120              		.loc 1 285 0
 121              		@ sp needed
 122 0010 7047     		bx	lr
 123              	.L8:
 124 0012 C046     		.align	2
 125              	.L7:
 126 0014 30003040 		.word	1076887600
 127 0018 30003140 		.word	1076953136
 128 001c 000E3F40 		.word	1077874176
 129              		.cfi_endproc
 130              	.LFE7:
 131              		.size	AnalogSetDefault, .-AnalogSetDefault
 132              		.section	.text.CYMEMZERO,"ax",%progbits
 133              		.align	2
 134              		.code	16
 135              		.thumb_func
 136              		.type	CYMEMZERO, %function
 137              	CYMEMZERO:
 138              	.LFB2:
  77:Generated_Source\PSoC4/cyfitter_cfg.c **** 	(void)memset(s, 0, n);
 139              		.loc 1 77 0
 140              		.cfi_startproc
 141              		@ args = 0, pretend = 0, frame = 0
 142              		@ frame_needed = 0, uses_anonymous_args = 0
 143              	.LVL12:
 144 0000 10B5     		push	{r4, lr}
 145              		.cfi_def_cfa_offset 8
 146              		.cfi_offset 4, -8
 147              		.cfi_offset 14, -4
 148 0002 0A00     		movs	r2, r1
  78:Generated_Source\PSoC4/cyfitter_cfg.c **** }
 149              		.loc 1 78 0
 150 0004 0021     		movs	r1, #0
 151              	.LVL13:
 152 0006 FFF7FEFF 		bl	memset
 153              	.LVL14:
  79:Generated_Source\PSoC4/cyfitter_cfg.c **** CY_CFG_UNUSED
 154              		.loc 1 79 0
 155              		@ sp needed
 156 000a 10BD     		pop	{r4, pc}
 157              		.cfi_endproc
 158              	.LFE2:
 159              		.size	CYMEMZERO, .-CYMEMZERO
 160              		.section	.psocinit,"ax",%progbits
 161              		.align	2
 162              		.code	16
 163              		.thumb_func
 164              		.type	ClockSetup, %function
 165              	ClockSetup:
ARM GAS  C:\Users\Ade0n\AppData\Local\Temp\ccn3nftU.s 			page 9


 166              	.LFB6:
 212:Generated_Source\PSoC4/cyfitter_cfg.c **** 
 167              		.loc 1 212 0
 168              		.cfi_startproc
 169              		@ args = 0, pretend = 0, frame = 0
 170              		@ frame_needed = 0, uses_anonymous_args = 0
 171 0000 70B5     		push	{r4, r5, r6, lr}
 172              		.cfi_def_cfa_offset 16
 173              		.cfi_offset 4, -16
 174              		.cfi_offset 5, -12
 175              		.cfi_offset 6, -8
 176              		.cfi_offset 14, -4
 215:Generated_Source\PSoC4/cyfitter_cfg.c **** 
 177              		.loc 1 215 0
 178 0002 1222     		movs	r2, #18
 179 0004 224B     		ldr	r3, .L11
 180 0006 1A60     		str	r2, [r3]
 218:Generated_Source\PSoC4/cyfitter_cfg.c **** 	CyDelayCycles(12000000u); /* WCO may take up to 500ms to start */
 181              		.loc 1 218 0
 182 0008 FFF7FEFF 		bl	CySysClkWcoStart
 183              	.LVL15:
 219:Generated_Source\PSoC4/cyfitter_cfg.c **** 	(void)CySysClkWcoSetPowerMode(CY_SYS_CLK_WCO_LPM);    /* Switch to the low power mode */
 184              		.loc 1 219 0
 185 000c 2148     		ldr	r0, .L11+4
 186 000e FFF7FEFF 		bl	CyDelayCycles
 187              	.LVL16:
 220:Generated_Source\PSoC4/cyfitter_cfg.c **** 
 188              		.loc 1 220 0
 189 0012 0120     		movs	r0, #1
 190 0014 FFF7FEFF 		bl	CySysClkWcoSetPowerMode
 191              	.LVL17:
 223:Generated_Source\PSoC4/cyfitter_cfg.c **** 	/* CYDEV_CLK_ILO_CONFIG Starting address: CYDEV_CLK_ILO_CONFIG */
 192              		.loc 1 223 0
 193 0018 3020     		movs	r0, #48
 194 001a FFF7FEFF 		bl	CySysClkWriteImoFreq
 195              	.LVL18:
 225:Generated_Source\PSoC4/cyfitter_cfg.c **** 
 196              		.loc 1 225 0
 197 001e 1E4A     		ldr	r2, .L11+8
 198 0020 1E4B     		ldr	r3, .L11+12
 199 0022 1A60     		str	r2, [r3]
 228:Generated_Source\PSoC4/cyfitter_cfg.c **** 
 200              		.loc 1 228 0
 201 0024 1E4C     		ldr	r4, .L11+16
 202 0026 8025     		movs	r5, #128
 203 0028 ED05     		lsls	r5, r5, #23
 204 002a 2560     		str	r5, [r4]
 232:Generated_Source\PSoC4/cyfitter_cfg.c **** 	CY_SET_REG32((void *)(CYREG_BLE_BLERD_BB_XO_CAPTRIM), 0x00003E2Du);
 205              		.loc 1 232 0
 206 002c 1D4A     		ldr	r2, .L11+20
 207 002e 1168     		ldr	r1, [r2]
 208 0030 0223     		movs	r3, #2
 209 0032 0B43     		orrs	r3, r1
 210 0034 1360     		str	r3, [r2]
 233:Generated_Source\PSoC4/cyfitter_cfg.c **** 	/*Set XTAL(ECO) divider*/
 211              		.loc 1 233 0
 212 0036 1C4A     		ldr	r2, .L11+24
ARM GAS  C:\Users\Ade0n\AppData\Local\Temp\ccn3nftU.s 			page 10


 213 0038 1C4B     		ldr	r3, .L11+28
 214 003a 1A60     		str	r2, [r3]
 235:Generated_Source\PSoC4/cyfitter_cfg.c **** 	/* Disable Crystal Stable Interrupt before enabling ECO */
 215              		.loc 1 235 0
 216 003c 0022     		movs	r2, #0
 217 003e 1C4B     		ldr	r3, .L11+32
 218 0040 1A60     		str	r2, [r3]
 237:Generated_Source\PSoC4/cyfitter_cfg.c **** 	/* Start the ECO and do not check status since it is not needed for HFCLK */
 219              		.loc 1 237 0
 220 0042 1C4A     		ldr	r2, .L11+36
 221 0044 1368     		ldr	r3, [r2]
 222 0046 0821     		movs	r1, #8
 223 0048 8B43     		bics	r3, r1
 224 004a 1360     		str	r3, [r2]
 239:Generated_Source\PSoC4/cyfitter_cfg.c **** 	CyDelayUs(1500u); /* Wait to stabilize */
 225              		.loc 1 239 0
 226 004c FA20     		movs	r0, #250
 227 004e C000     		lsls	r0, r0, #3
 228 0050 FFF7FEFF 		bl	CySysClkEcoStart
 229              	.LVL19:
 240:Generated_Source\PSoC4/cyfitter_cfg.c **** 
 230              		.loc 1 240 0
 231 0054 1848     		ldr	r0, .L11+40
 232 0056 FFF7FEFF 		bl	CyDelayUs
 233              	.LVL20:
 243:Generated_Source\PSoC4/cyfitter_cfg.c **** 	CY_SET_REG32((void *)CYREG_PERI_DIV_CMD, 0x8000FF40u);
 234              		.loc 1 243 0
 235 005a C022     		movs	r2, #192
 236 005c 9200     		lsls	r2, r2, #2
 237 005e 174B     		ldr	r3, .L11+44
 238 0060 1A60     		str	r2, [r3]
 244:Generated_Source\PSoC4/cyfitter_cfg.c **** 
 239              		.loc 1 244 0
 240 0062 174A     		ldr	r2, .L11+48
 241 0064 174B     		ldr	r3, .L11+52
 242 0066 1A60     		str	r2, [r3]
 247:Generated_Source\PSoC4/cyfitter_cfg.c **** 
 243              		.loc 1 247 0
 244 0068 8022     		movs	r2, #128
 245 006a 1206     		lsls	r2, r2, #24
 246 006c 164B     		ldr	r3, .L11+56
 247 006e 1A60     		str	r2, [r3]
 250:Generated_Source\PSoC4/cyfitter_cfg.c **** 
 248              		.loc 1 250 0
 249 0070 8022     		movs	r2, #128
 250 0072 D202     		lsls	r2, r2, #11
 251 0074 154B     		ldr	r3, .L11+60
 252 0076 1A60     		str	r2, [r3]
 253:Generated_Source\PSoC4/cyfitter_cfg.c **** 
 253              		.loc 1 253 0
 254 0078 4022     		movs	r2, #64
 255 007a 154B     		ldr	r3, .L11+64
 256 007c 1A60     		str	r2, [r3]
 255:Generated_Source\PSoC4/cyfitter_cfg.c **** 	CyIntEnable(8u);
 257              		.loc 1 255 0
 258 007e 1549     		ldr	r1, .L11+68
 259 0080 0820     		movs	r0, #8
ARM GAS  C:\Users\Ade0n\AppData\Local\Temp\ccn3nftU.s 			page 11


 260 0082 FFF7FEFF 		bl	CyIntSetVector
 261              	.LVL21:
 256:Generated_Source\PSoC4/cyfitter_cfg.c **** 	CY_SET_REG32((void *)(CYREG_WDT_CONFIG), 0x40000000u);
 262              		.loc 1 256 0
 263 0086 0820     		movs	r0, #8
 264 0088 FFF7FEFF 		bl	CyIntEnable
 265              	.LVL22:
 257:Generated_Source\PSoC4/cyfitter_cfg.c **** }
 266              		.loc 1 257 0
 267 008c 2560     		str	r5, [r4]
 258:Generated_Source\PSoC4/cyfitter_cfg.c **** 
 268              		.loc 1 258 0
 269              		@ sp needed
 270 008e 70BD     		pop	{r4, r5, r6, pc}
 271              	.L12:
 272              		.align	2
 273              	.L11:
 274 0090 30001040 		.word	1074790448
 275 0094 001BB700 		.word	12000000
 276 0098 06000080 		.word	-2147483642
 277 009c 04010B40 		.word	1074462980
 278 00a0 0C020B40 		.word	1074463244
 279 00a4 78002E40 		.word	1076756600
 280 00a8 2D3E0000 		.word	15917
 281 00ac 7C002E40 		.word	1076756604
 282 00b0 64F02E40 		.word	1076818020
 283 00b4 6CF02E40 		.word	1076818028
 284 00b8 DC050000 		.word	1500
 285 00bc 00030140 		.word	1073808128
 286 00c0 40FF0080 		.word	-2147418304
 287 00c4 00000140 		.word	1073807360
 288 00c8 08010B40 		.word	1074462984
 289 00cc 00010B40 		.word	1074462976
 290 00d0 1C010140 		.word	1073807644
 291 00d4 00000000 		.word	CySysWdtIsr
 292              		.cfi_endproc
 293              	.LFE6:
 294              		.size	ClockSetup, .-ClockSetup
 295              		.align	2
 296              		.global	cyfitter_cfg
 297              		.code	16
 298              		.thumb_func
 299              		.type	cyfitter_cfg, %function
 300              	cyfitter_cfg:
 301              	.LFB8:
 286:Generated_Source\PSoC4/cyfitter_cfg.c **** 
 287:Generated_Source\PSoC4/cyfitter_cfg.c **** 
 288:Generated_Source\PSoC4/cyfitter_cfg.c **** 
 289:Generated_Source\PSoC4/cyfitter_cfg.c **** 
 290:Generated_Source\PSoC4/cyfitter_cfg.c **** /*******************************************************************************
 291:Generated_Source\PSoC4/cyfitter_cfg.c **** * Function Name: cyfitter_cfg
 292:Generated_Source\PSoC4/cyfitter_cfg.c **** ********************************************************************************
 293:Generated_Source\PSoC4/cyfitter_cfg.c **** * Summary:
 294:Generated_Source\PSoC4/cyfitter_cfg.c **** *  This function is called by the start-up code for the selected device. It
 295:Generated_Source\PSoC4/cyfitter_cfg.c **** *  performs all of the necessary device configuration based on the design
 296:Generated_Source\PSoC4/cyfitter_cfg.c **** *  settings.  This includes settings from the Design Wide Resources (DWR) such
 297:Generated_Source\PSoC4/cyfitter_cfg.c **** *  as Clocks and Pins as well as any component configuration that is necessary.
ARM GAS  C:\Users\Ade0n\AppData\Local\Temp\ccn3nftU.s 			page 12


 298:Generated_Source\PSoC4/cyfitter_cfg.c **** *
 299:Generated_Source\PSoC4/cyfitter_cfg.c **** * Parameters:
 300:Generated_Source\PSoC4/cyfitter_cfg.c **** *   void
 301:Generated_Source\PSoC4/cyfitter_cfg.c **** *
 302:Generated_Source\PSoC4/cyfitter_cfg.c **** * Return:
 303:Generated_Source\PSoC4/cyfitter_cfg.c **** *   void
 304:Generated_Source\PSoC4/cyfitter_cfg.c **** *
 305:Generated_Source\PSoC4/cyfitter_cfg.c **** *******************************************************************************/
 306:Generated_Source\PSoC4/cyfitter_cfg.c **** CY_CFG_SECTION
 307:Generated_Source\PSoC4/cyfitter_cfg.c **** void cyfitter_cfg(void)
 308:Generated_Source\PSoC4/cyfitter_cfg.c **** {
 302              		.loc 1 308 0
 303              		.cfi_startproc
 304              		@ args = 0, pretend = 0, frame = 0
 305              		@ frame_needed = 0, uses_anonymous_args = 0
 306 00d8 10B5     		push	{r4, lr}
 307              		.cfi_def_cfa_offset 8
 308              		.cfi_offset 4, -8
 309              		.cfi_offset 14, -4
 309:Generated_Source\PSoC4/cyfitter_cfg.c **** 	/* Disable interrupts by default. Let user enable if/when they want. */
 310:Generated_Source\PSoC4/cyfitter_cfg.c **** 	CyGlobalIntDisable;
 310              		.loc 1 310 0
 311              		.syntax divided
 312              	@ 310 "Generated_Source\PSoC4\cyfitter_cfg.c" 1
 313 00da 72B6     		CPSID   i
 314              	@ 0 "" 2
 311:Generated_Source\PSoC4/cyfitter_cfg.c **** 
 312:Generated_Source\PSoC4/cyfitter_cfg.c **** 	CY_SET_REG32((void *)(CYREG_BLE_BLESS_LL_DSM_CTRL), 0x00000000u);
 315              		.loc 1 312 0
 316              		.thumb
 317              		.syntax unified
 318 00dc 0022     		movs	r2, #0
 319 00de 224B     		ldr	r3, .L16
 320 00e0 1A60     		str	r2, [r3]
 321              	.LVL23:
 322              	.LBB3:
 313:Generated_Source\PSoC4/cyfitter_cfg.c **** 
 314:Generated_Source\PSoC4/cyfitter_cfg.c **** 	{
 315:Generated_Source\PSoC4/cyfitter_cfg.c **** 		static const uint32 CYCODE cy_cfg_addr_table[] = {
 316:Generated_Source\PSoC4/cyfitter_cfg.c **** 			0x400F4202u, /* Base address: 0x400F4200 Count: 2 */
 317:Generated_Source\PSoC4/cyfitter_cfg.c **** 			0x400F4303u, /* Base address: 0x400F4300 Count: 3 */
 318:Generated_Source\PSoC4/cyfitter_cfg.c **** 		};
 319:Generated_Source\PSoC4/cyfitter_cfg.c **** 
 320:Generated_Source\PSoC4/cyfitter_cfg.c **** 		static const cy_cfg_addrvalue_t CYCODE cy_cfg_data_table[] = {
 321:Generated_Source\PSoC4/cyfitter_cfg.c **** 			{0x10u, 0x10u},
 322:Generated_Source\PSoC4/cyfitter_cfg.c **** 			{0xC4u, 0x08u},
 323:Generated_Source\PSoC4/cyfitter_cfg.c **** 			{0x64u, 0x10u},
 324:Generated_Source\PSoC4/cyfitter_cfg.c **** 			{0x98u, 0x10u},
 325:Generated_Source\PSoC4/cyfitter_cfg.c **** 			{0xD8u, 0x01u},
 326:Generated_Source\PSoC4/cyfitter_cfg.c **** 		};
 327:Generated_Source\PSoC4/cyfitter_cfg.c **** 
 328:Generated_Source\PSoC4/cyfitter_cfg.c **** 
 329:Generated_Source\PSoC4/cyfitter_cfg.c **** 
 330:Generated_Source\PSoC4/cyfitter_cfg.c **** 		CYPACKED typedef struct {
 331:Generated_Source\PSoC4/cyfitter_cfg.c **** 			void CYFAR *address;
 332:Generated_Source\PSoC4/cyfitter_cfg.c **** 			uint16 size;
 333:Generated_Source\PSoC4/cyfitter_cfg.c **** 		} CYPACKED_ATTR cfg_memset_t;
ARM GAS  C:\Users\Ade0n\AppData\Local\Temp\ccn3nftU.s 			page 13


 334:Generated_Source\PSoC4/cyfitter_cfg.c **** 
 335:Generated_Source\PSoC4/cyfitter_cfg.c **** 		static const cfg_memset_t CYCODE cfg_memset_list[] = {
 336:Generated_Source\PSoC4/cyfitter_cfg.c **** 			/* address, size */
 337:Generated_Source\PSoC4/cyfitter_cfg.c **** 			{(void CYFAR *)(CYDEV_UDB_P0_U0_BASE), 1024u},
 338:Generated_Source\PSoC4/cyfitter_cfg.c **** 			{(void CYFAR *)(CYDEV_UDB_DSI0_BASE), 1024u},
 339:Generated_Source\PSoC4/cyfitter_cfg.c **** 		};
 340:Generated_Source\PSoC4/cyfitter_cfg.c **** 
 341:Generated_Source\PSoC4/cyfitter_cfg.c **** 		uint8 CYDATA i;
 342:Generated_Source\PSoC4/cyfitter_cfg.c **** 
 343:Generated_Source\PSoC4/cyfitter_cfg.c **** 		/* Zero out critical memory blocks before beginning configuration */
 344:Generated_Source\PSoC4/cyfitter_cfg.c **** 		for (i = 0u; i < (sizeof(cfg_memset_list)/sizeof(cfg_memset_list[0])); i++)
 323              		.loc 1 344 0
 324 00e2 0024     		movs	r4, #0
 325 00e4 0FE0     		b	.L14
 326              	.LVL24:
 327              	.L15:
 328              	.LBB4:
 345:Generated_Source\PSoC4/cyfitter_cfg.c **** 		{
 346:Generated_Source\PSoC4/cyfitter_cfg.c **** 			const cfg_memset_t CYCODE * CYDATA ms = &cfg_memset_list[i];
 347:Generated_Source\PSoC4/cyfitter_cfg.c **** 			CYMEMZERO(ms->address, (size_t)(uint32)(ms->size));
 329              		.loc 1 347 0 discriminator 3
 330 00e6 2148     		ldr	r0, .L16+4
 331 00e8 6200     		lsls	r2, r4, #1
 332 00ea 1319     		adds	r3, r2, r4
 333 00ec 5900     		lsls	r1, r3, #1
 334 00ee 0B00     		movs	r3, r1
 335 00f0 4118     		adds	r1, r0, r1
 336 00f2 8988     		ldrh	r1, [r1, #4]
 337 00f4 1A5A     		ldrh	r2, [r3, r0]
 338 00f6 C318     		adds	r3, r0, r3
 339 00f8 5888     		ldrh	r0, [r3, #2]
 340 00fa 0004     		lsls	r0, r0, #16
 341 00fc 1043     		orrs	r0, r2
 342 00fe FFF7FEFF 		bl	CYMEMZERO
 343              	.LVL25:
 344              	.LBE4:
 344:Generated_Source\PSoC4/cyfitter_cfg.c **** 		{
 345              		.loc 1 344 0 discriminator 3
 346 0102 0134     		adds	r4, r4, #1
 347              	.LVL26:
 348 0104 E4B2     		uxtb	r4, r4
 349              	.LVL27:
 350              	.L14:
 344:Generated_Source\PSoC4/cyfitter_cfg.c **** 		{
 351              		.loc 1 344 0 is_stmt 0 discriminator 1
 352 0106 012C     		cmp	r4, #1
 353 0108 EDD9     		bls	.L15
 348:Generated_Source\PSoC4/cyfitter_cfg.c **** 		}
 349:Generated_Source\PSoC4/cyfitter_cfg.c **** 
 350:Generated_Source\PSoC4/cyfitter_cfg.c **** 		cfg_write_bytes32(cy_cfg_addr_table, cy_cfg_data_table);
 354              		.loc 1 350 0 is_stmt 1
 355 010a 1848     		ldr	r0, .L16+4
 356 010c 0100     		movs	r1, r0
 357 010e 0C31     		adds	r1, r1, #12
 358 0110 1830     		adds	r0, r0, #24
 359 0112 FFF7FEFF 		bl	cfg_write_bytes32
 360              	.LVL28:
ARM GAS  C:\Users\Ade0n\AppData\Local\Temp\ccn3nftU.s 			page 14


 351:Generated_Source\PSoC4/cyfitter_cfg.c **** 
 352:Generated_Source\PSoC4/cyfitter_cfg.c **** 		/* HSIOM Starting address: CYDEV_HSIOM_BASE */
 353:Generated_Source\PSoC4/cyfitter_cfg.c **** 		CY_SET_REG32((void *)(CYDEV_HSIOM_BASE), 0xEE000000u);
 361              		.loc 1 353 0
 362 0116 EE22     		movs	r2, #238
 363 0118 1206     		lsls	r2, r2, #24
 364 011a 154B     		ldr	r3, .L16+8
 365 011c 1A60     		str	r2, [r3]
 354:Generated_Source\PSoC4/cyfitter_cfg.c **** 		CY_SET_REG32((void *)(CYREG_HSIOM_PORT_SEL3), 0x30000000u);
 366              		.loc 1 354 0
 367 011e C022     		movs	r2, #192
 368 0120 9205     		lsls	r2, r2, #22
 369 0122 144B     		ldr	r3, .L16+12
 370 0124 1A60     		str	r2, [r3]
 355:Generated_Source\PSoC4/cyfitter_cfg.c **** 
 356:Generated_Source\PSoC4/cyfitter_cfg.c **** 		/* UDB_PA_0 Starting address: CYDEV_UDB_PA0_BASE */
 357:Generated_Source\PSoC4/cyfitter_cfg.c **** 		CY_SET_REG32((void *)(CYDEV_UDB_PA0_BASE), 0x00990000u);
 371              		.loc 1 357 0
 372 0126 9923     		movs	r3, #153
 373 0128 1B04     		lsls	r3, r3, #16
 374 012a 134A     		ldr	r2, .L16+16
 375 012c 1360     		str	r3, [r2]
 358:Generated_Source\PSoC4/cyfitter_cfg.c **** 
 359:Generated_Source\PSoC4/cyfitter_cfg.c **** 		/* UDB_PA_3 Starting address: CYDEV_UDB_PA3_BASE */
 360:Generated_Source\PSoC4/cyfitter_cfg.c **** 		CY_SET_REG32((void *)(CYDEV_UDB_PA3_BASE), 0x00990000u);
 376              		.loc 1 360 0
 377 012e 134A     		ldr	r2, .L16+20
 378 0130 1360     		str	r3, [r2]
 361:Generated_Source\PSoC4/cyfitter_cfg.c **** 		CY_SET_REG32((void *)(CYREG_UDB_PA3_CFG8), 0xC0000000u);
 379              		.loc 1 361 0
 380 0132 C022     		movs	r2, #192
 381 0134 1206     		lsls	r2, r2, #24
 382 0136 124B     		ldr	r3, .L16+24
 383 0138 1A60     		str	r2, [r3]
 362:Generated_Source\PSoC4/cyfitter_cfg.c **** 
 363:Generated_Source\PSoC4/cyfitter_cfg.c **** 		/* Enable digital routing */
 364:Generated_Source\PSoC4/cyfitter_cfg.c **** 		CY_SET_XTND_REG8((void *)CYREG_UDB_UDBIF_BANK_CTL, (uint8)(CY_GET_XTND_REG8((void *)CYREG_UDB_UDB
 384              		.loc 1 364 0
 385 013a 124A     		ldr	r2, .L16+28
 386 013c 1178     		ldrb	r1, [r2]
 387 013e 0623     		movs	r3, #6
 388 0140 0B43     		orrs	r3, r1
 389 0142 DBB2     		uxtb	r3, r3
 390 0144 1370     		strb	r3, [r2]
 391              	.LBE3:
 365:Generated_Source\PSoC4/cyfitter_cfg.c **** 	}
 366:Generated_Source\PSoC4/cyfitter_cfg.c **** 
 367:Generated_Source\PSoC4/cyfitter_cfg.c **** 	/* Perform second pass device configuration. These items must be configured in specific order afte
 368:Generated_Source\PSoC4/cyfitter_cfg.c **** 	/* IOPINS0_0 Starting address: CYDEV_GPIO_PRT0_BASE */
 369:Generated_Source\PSoC4/cyfitter_cfg.c **** 	CY_SET_REG32((void *)(CYREG_GPIO_PRT0_PC), 0x00D80000u);
 392              		.loc 1 369 0
 393 0146 D822     		movs	r2, #216
 394 0148 1204     		lsls	r2, r2, #16
 395 014a 0F4B     		ldr	r3, .L16+32
 396 014c 1A60     		str	r2, [r3]
 370:Generated_Source\PSoC4/cyfitter_cfg.c **** 
 371:Generated_Source\PSoC4/cyfitter_cfg.c **** 	/* IOPINS0_3 Starting address: CYDEV_GPIO_PRT3_BASE */
ARM GAS  C:\Users\Ade0n\AppData\Local\Temp\ccn3nftU.s 			page 15


 372:Generated_Source\PSoC4/cyfitter_cfg.c **** 	CY_SET_REG32((void *)(CYDEV_GPIO_PRT3_BASE), 0x00000080u);
 397              		.loc 1 372 0
 398 014e 8022     		movs	r2, #128
 399 0150 0E4B     		ldr	r3, .L16+36
 400 0152 1A60     		str	r2, [r3]
 373:Generated_Source\PSoC4/cyfitter_cfg.c **** 	CY_SET_REG32((void *)(CYREG_GPIO_PRT3_PC), 0x00C00000u);
 401              		.loc 1 373 0
 402 0154 C022     		movs	r2, #192
 403 0156 1204     		lsls	r2, r2, #16
 404 0158 0D4B     		ldr	r3, .L16+40
 405 015a 1A60     		str	r2, [r3]
 374:Generated_Source\PSoC4/cyfitter_cfg.c **** 
 375:Generated_Source\PSoC4/cyfitter_cfg.c **** 
 376:Generated_Source\PSoC4/cyfitter_cfg.c **** 	/* Setup clocks based on selections from Clock DWR */
 377:Generated_Source\PSoC4/cyfitter_cfg.c **** 	ClockSetup();
 406              		.loc 1 377 0
 407 015c FFF750FF 		bl	ClockSetup
 408              	.LVL29:
 378:Generated_Source\PSoC4/cyfitter_cfg.c **** 
 379:Generated_Source\PSoC4/cyfitter_cfg.c **** 	/* Perform basic analog initialization to defaults */
 380:Generated_Source\PSoC4/cyfitter_cfg.c **** 	AnalogSetDefault();
 409              		.loc 1 380 0
 410 0160 FFF7FEFF 		bl	AnalogSetDefault
 411              	.LVL30:
 381:Generated_Source\PSoC4/cyfitter_cfg.c **** 
 382:Generated_Source\PSoC4/cyfitter_cfg.c **** }
 412              		.loc 1 382 0
 413              		@ sp needed
 414              	.LVL31:
 415 0164 10BD     		pop	{r4, pc}
 416              	.L17:
 417 0166 C046     		.align	2
 418              	.L16:
 419 0168 6CF02E40 		.word	1076818028
 420 016c 00000000 		.word	.LANCHOR0
 421 0170 00000240 		.word	1073872896
 422 0174 00030240 		.word	1073873664
 423 0178 00500F40 		.word	1074745344
 424 017c 30500F40 		.word	1074745392
 425 0180 38500F40 		.word	1074745400
 426 0184 00700F40 		.word	1074753536
 427 0188 08000440 		.word	1074003976
 428 018c 00030440 		.word	1074004736
 429 0190 08030440 		.word	1074004744
 430              		.cfi_endproc
 431              	.LFE8:
 432              		.size	cyfitter_cfg, .-cyfitter_cfg
 433              		.section	.rodata
 434              		.align	2
 435              		.set	.LANCHOR0,. + 0
 436              		.type	cfg_memset_list.4916, %object
 437              		.size	cfg_memset_list.4916, 12
 438              	cfg_memset_list.4916:
 439 0000 00300F40 		.word	1074737152
 440 0004 0004     		.short	1024
 441 0006 00400F40 		.4byte	1074741248
 442 000a 0004     		.short	1024
ARM GAS  C:\Users\Ade0n\AppData\Local\Temp\ccn3nftU.s 			page 16


 443              		.type	cy_cfg_data_table.4911, %object
 444              		.size	cy_cfg_data_table.4911, 10
 445              	cy_cfg_data_table.4911:
 446 000c 10       		.byte	16
 447 000d 10       		.byte	16
 448 000e C4       		.byte	-60
 449 000f 08       		.byte	8
 450 0010 64       		.byte	100
 451 0011 10       		.byte	16
 452 0012 98       		.byte	-104
 453 0013 10       		.byte	16
 454 0014 D8       		.byte	-40
 455 0015 01       		.byte	1
 456 0016 0000     		.space	2
 457              		.type	cy_cfg_addr_table.4910, %object
 458              		.size	cy_cfg_addr_table.4910, 8
 459              	cy_cfg_addr_table.4910:
 460 0018 02420F40 		.word	1074741762
 461 001c 03430F40 		.word	1074742019
 462              		.text
 463              	.Letext0:
 464              		.file 2 "c:\\program files (x86)\\cypress\\psoc creator\\4.4\\psoc creator\\import\\gnu\\arm\\5.4.
 465              		.file 3 "Generated_Source\\PSoC4\\cytypes.h"
 466              		.file 4 "Generated_Source\\PSoC4\\CyLFClk.h"
 467              		.file 5 "Generated_Source\\PSoC4\\CyLib.h"
 468              		.section	.debug_info,"",%progbits
 469              	.Ldebug_info0:
 470 0000 4C040000 		.4byte	0x44c
 471 0004 0400     		.2byte	0x4
 472 0006 00000000 		.4byte	.Ldebug_abbrev0
 473 000a 04       		.byte	0x4
 474 000b 01       		.uleb128 0x1
 475 000c BB010000 		.4byte	.LASF44
 476 0010 0C       		.byte	0xc
 477 0011 03030000 		.4byte	.LASF45
 478 0015 91000000 		.4byte	.LASF46
 479 0019 00000000 		.4byte	.Ldebug_ranges0+0
 480 001d 00000000 		.4byte	0
 481 0021 00000000 		.4byte	.Ldebug_line0
 482 0025 02       		.uleb128 0x2
 483 0026 04       		.byte	0x4
 484 0027 05       		.byte	0x5
 485 0028 696E7400 		.ascii	"int\000"
 486 002c 03       		.uleb128 0x3
 487 002d 14000000 		.4byte	.LASF12
 488 0031 02       		.byte	0x2
 489 0032 D8       		.byte	0xd8
 490 0033 37000000 		.4byte	0x37
 491 0037 04       		.uleb128 0x4
 492 0038 04       		.byte	0x4
 493 0039 07       		.byte	0x7
 494 003a 82010000 		.4byte	.LASF0
 495 003e 04       		.uleb128 0x4
 496 003f 08       		.byte	0x8
 497 0040 05       		.byte	0x5
 498 0041 7B020000 		.4byte	.LASF1
 499 0045 04       		.uleb128 0x4
ARM GAS  C:\Users\Ade0n\AppData\Local\Temp\ccn3nftU.s 			page 17


 500 0046 08       		.byte	0x8
 501 0047 04       		.byte	0x4
 502 0048 EB020000 		.4byte	.LASF2
 503 004c 04       		.uleb128 0x4
 504 004d 01       		.byte	0x1
 505 004e 06       		.byte	0x6
 506 004f F7020000 		.4byte	.LASF3
 507 0053 04       		.uleb128 0x4
 508 0054 01       		.byte	0x1
 509 0055 08       		.byte	0x8
 510 0056 24010000 		.4byte	.LASF4
 511 005a 04       		.uleb128 0x4
 512 005b 02       		.byte	0x2
 513 005c 05       		.byte	0x5
 514 005d C3020000 		.4byte	.LASF5
 515 0061 04       		.uleb128 0x4
 516 0062 02       		.byte	0x2
 517 0063 07       		.byte	0x7
 518 0064 68020000 		.4byte	.LASF6
 519 0068 04       		.uleb128 0x4
 520 0069 04       		.byte	0x4
 521 006a 05       		.byte	0x5
 522 006b E2020000 		.4byte	.LASF7
 523 006f 04       		.uleb128 0x4
 524 0070 04       		.byte	0x4
 525 0071 07       		.byte	0x7
 526 0072 F1000000 		.4byte	.LASF8
 527 0076 04       		.uleb128 0x4
 528 0077 08       		.byte	0x8
 529 0078 07       		.byte	0x7
 530 0079 A4010000 		.4byte	.LASF9
 531 007d 04       		.uleb128 0x4
 532 007e 04       		.byte	0x4
 533 007f 07       		.byte	0x7
 534 0080 5F020000 		.4byte	.LASF10
 535 0084 05       		.uleb128 0x5
 536 0085 04       		.byte	0x4
 537 0086 04       		.uleb128 0x4
 538 0087 01       		.byte	0x1
 539 0088 08       		.byte	0x8
 540 0089 93020000 		.4byte	.LASF11
 541 008d 06       		.uleb128 0x6
 542 008e 03010000 		.4byte	.LASF13
 543 0092 03       		.byte	0x3
 544 0093 FB01     		.2byte	0x1fb
 545 0095 53000000 		.4byte	0x53
 546 0099 06       		.uleb128 0x6
 547 009a 69010000 		.4byte	.LASF14
 548 009e 03       		.byte	0x3
 549 009f FC01     		.2byte	0x1fc
 550 00a1 61000000 		.4byte	0x61
 551 00a5 06       		.uleb128 0x6
 552 00a6 7B010000 		.4byte	.LASF15
 553 00aa 03       		.byte	0x3
 554 00ab FD01     		.2byte	0x1fd
 555 00ad 6F000000 		.4byte	0x6f
 556 00b1 04       		.uleb128 0x4
ARM GAS  C:\Users\Ade0n\AppData\Local\Temp\ccn3nftU.s 			page 18


 557 00b2 04       		.byte	0x4
 558 00b3 04       		.byte	0x4
 559 00b4 76000000 		.4byte	.LASF16
 560 00b8 04       		.uleb128 0x4
 561 00b9 08       		.byte	0x8
 562 00ba 04       		.byte	0x4
 563 00bb 39010000 		.4byte	.LASF17
 564 00bf 06       		.uleb128 0x6
 565 00c0 D4000000 		.4byte	.LASF18
 566 00c4 03       		.byte	0x3
 567 00c5 A502     		.2byte	0x2a5
 568 00c7 CB000000 		.4byte	0xcb
 569 00cb 07       		.uleb128 0x7
 570 00cc 8D000000 		.4byte	0x8d
 571 00d0 06       		.uleb128 0x6
 572 00d1 0E000000 		.4byte	.LASF19
 573 00d5 03       		.byte	0x3
 574 00d6 A702     		.2byte	0x2a7
 575 00d8 DC000000 		.4byte	0xdc
 576 00dc 07       		.uleb128 0x7
 577 00dd A5000000 		.4byte	0xa5
 578 00e1 08       		.uleb128 0x8
 579 00e2 02       		.byte	0x2
 580 00e3 01       		.byte	0x1
 581 00e4 97       		.byte	0x97
 582 00e5 02010000 		.4byte	0x102
 583 00e9 09       		.uleb128 0x9
 584 00ea BC020000 		.4byte	.LASF20
 585 00ee 01       		.byte	0x1
 586 00ef 99       		.byte	0x99
 587 00f0 8D000000 		.4byte	0x8d
 588 00f4 00       		.byte	0
 589 00f5 09       		.uleb128 0x9
 590 00f6 3B000000 		.4byte	.LASF21
 591 00fa 01       		.byte	0x1
 592 00fb 9A       		.byte	0x9a
 593 00fc 8D000000 		.4byte	0x8d
 594 0100 01       		.byte	0x1
 595 0101 00       		.byte	0
 596 0102 03       		.uleb128 0x3
 597 0103 A9020000 		.4byte	.LASF22
 598 0107 01       		.byte	0x1
 599 0108 9B       		.byte	0x9b
 600 0109 E1000000 		.4byte	0xe1
 601 010d 0A       		.uleb128 0xa
 602 010e 40010000 		.4byte	.LASF27
 603 0112 01       		.byte	0x1
 604 0113 AE       		.byte	0xae
 605 0114 00000000 		.4byte	.LFB5
 606 0118 32000000 		.4byte	.LFE5-.LFB5
 607 011c 01       		.uleb128 0x1
 608 011d 9C       		.byte	0x9c
 609 011e 7F010000 		.4byte	0x17f
 610 0122 0B       		.uleb128 0xb
 611 0123 5E010000 		.4byte	.LASF23
 612 0127 01       		.byte	0x1
 613 0128 AE       		.byte	0xae
ARM GAS  C:\Users\Ade0n\AppData\Local\Temp\ccn3nftU.s 			page 19


 614 0129 7F010000 		.4byte	0x17f
 615 012d 01       		.uleb128 0x1
 616 012e 50       		.byte	0x50
 617 012f 0B       		.uleb128 0xb
 618 0130 70010000 		.4byte	.LASF24
 619 0134 01       		.byte	0x1
 620 0135 AE       		.byte	0xae
 621 0136 8A010000 		.4byte	0x18a
 622 013a 01       		.uleb128 0x1
 623 013b 51       		.byte	0x51
 624 013c 0C       		.uleb128 0xc
 625 013d 6900     		.ascii	"i\000"
 626 013f 01       		.byte	0x1
 627 0140 B1       		.byte	0xb1
 628 0141 A5000000 		.4byte	0xa5
 629 0145 00000000 		.4byte	.LLST0
 630 0149 0C       		.uleb128 0xc
 631 014a 6A00     		.ascii	"j\000"
 632 014c 01       		.byte	0x1
 633 014d B1       		.byte	0xb1
 634 014e A5000000 		.4byte	0xa5
 635 0152 1F000000 		.4byte	.LLST1
 636 0156 0D       		.uleb128 0xd
 637 0157 08000000 		.4byte	.LBB2
 638 015b 22000000 		.4byte	.LBE2-.LBB2
 639 015f 0E       		.uleb128 0xe
 640 0160 56020000 		.4byte	.LASF25
 641 0164 01       		.byte	0x1
 642 0165 B4       		.byte	0xb4
 643 0166 A5000000 		.4byte	0xa5
 644 016a 3E000000 		.4byte	.LLST2
 645 016e 0E       		.uleb128 0xe
 646 016f 41000000 		.4byte	.LASF26
 647 0173 01       		.byte	0x1
 648 0174 B5       		.byte	0xb5
 649 0175 8D000000 		.4byte	0x8d
 650 0179 51000000 		.4byte	.LLST3
 651 017d 00       		.byte	0
 652 017e 00       		.byte	0
 653 017f 0F       		.uleb128 0xf
 654 0180 04       		.byte	0x4
 655 0181 85010000 		.4byte	0x185
 656 0185 10       		.uleb128 0x10
 657 0186 A5000000 		.4byte	0xa5
 658 018a 0F       		.uleb128 0xf
 659 018b 04       		.byte	0x4
 660 018c 90010000 		.4byte	0x190
 661 0190 10       		.uleb128 0x10
 662 0191 02010000 		.4byte	0x102
 663 0195 11       		.uleb128 0x11
 664 0196 1B000000 		.4byte	.LASF47
 665 019a 01       		.byte	0x1
 666 019b 1801     		.2byte	0x118
 667 019d 00000000 		.4byte	.LFB7
 668 01a1 20000000 		.4byte	.LFE7-.LFB7
 669 01a5 01       		.uleb128 0x1
 670 01a6 9C       		.byte	0x9c
ARM GAS  C:\Users\Ade0n\AppData\Local\Temp\ccn3nftU.s 			page 20


 671 01a7 0A       		.uleb128 0xa
 672 01a8 1A010000 		.4byte	.LASF28
 673 01ac 01       		.byte	0x1
 674 01ad 4C       		.byte	0x4c
 675 01ae 00000000 		.4byte	.LFB2
 676 01b2 0C000000 		.4byte	.LFE2-.LFB2
 677 01b6 01       		.uleb128 0x1
 678 01b7 9C       		.byte	0x9c
 679 01b8 F4010000 		.4byte	0x1f4
 680 01bc 12       		.uleb128 0x12
 681 01bd 7300     		.ascii	"s\000"
 682 01bf 01       		.byte	0x1
 683 01c0 4C       		.byte	0x4c
 684 01c1 84000000 		.4byte	0x84
 685 01c5 6F000000 		.4byte	.LLST4
 686 01c9 12       		.uleb128 0x12
 687 01ca 6E00     		.ascii	"n\000"
 688 01cc 01       		.byte	0x1
 689 01cd 4C       		.byte	0x4c
 690 01ce 2C000000 		.4byte	0x2c
 691 01d2 90000000 		.4byte	.LLST5
 692 01d6 13       		.uleb128 0x13
 693 01d7 0A000000 		.4byte	.LVL14
 694 01db EE030000 		.4byte	0x3ee
 695 01df 14       		.uleb128 0x14
 696 01e0 01       		.uleb128 0x1
 697 01e1 50       		.byte	0x50
 698 01e2 03       		.uleb128 0x3
 699 01e3 F3       		.byte	0xf3
 700 01e4 01       		.uleb128 0x1
 701 01e5 50       		.byte	0x50
 702 01e6 14       		.uleb128 0x14
 703 01e7 01       		.uleb128 0x1
 704 01e8 51       		.byte	0x51
 705 01e9 01       		.uleb128 0x1
 706 01ea 30       		.byte	0x30
 707 01eb 14       		.uleb128 0x14
 708 01ec 01       		.uleb128 0x1
 709 01ed 52       		.byte	0x52
 710 01ee 03       		.uleb128 0x3
 711 01ef F3       		.byte	0xf3
 712 01f0 01       		.uleb128 0x1
 713 01f1 51       		.byte	0x51
 714 01f2 00       		.byte	0
 715 01f3 00       		.byte	0
 716 01f4 0A       		.uleb128 0xa
 717 01f5 47000000 		.4byte	.LASF29
 718 01f9 01       		.byte	0x1
 719 01fa D3       		.byte	0xd3
 720 01fb 00000000 		.4byte	.LFB6
 721 01ff D8000000 		.4byte	.LFE6-.LFB6
 722 0203 01       		.uleb128 0x1
 723 0204 9C       		.byte	0x9c
 724 0205 9D020000 		.4byte	0x29d
 725 0209 15       		.uleb128 0x15
 726 020a 0C000000 		.4byte	.LVL15
 727 020e F7030000 		.4byte	0x3f7
ARM GAS  C:\Users\Ade0n\AppData\Local\Temp\ccn3nftU.s 			page 21


 728 0212 16       		.uleb128 0x16
 729 0213 12000000 		.4byte	.LVL16
 730 0217 02040000 		.4byte	0x402
 731 021b 29020000 		.4byte	0x229
 732 021f 14       		.uleb128 0x14
 733 0220 01       		.uleb128 0x1
 734 0221 50       		.byte	0x50
 735 0222 05       		.uleb128 0x5
 736 0223 0C       		.byte	0xc
 737 0224 001BB700 		.4byte	0xb71b00
 738 0228 00       		.byte	0
 739 0229 16       		.uleb128 0x16
 740 022a 18000000 		.4byte	.LVL17
 741 022e 0D040000 		.4byte	0x40d
 742 0232 3C020000 		.4byte	0x23c
 743 0236 14       		.uleb128 0x14
 744 0237 01       		.uleb128 0x1
 745 0238 50       		.byte	0x50
 746 0239 01       		.uleb128 0x1
 747 023a 31       		.byte	0x31
 748 023b 00       		.byte	0
 749 023c 16       		.uleb128 0x16
 750 023d 1E000000 		.4byte	.LVL18
 751 0241 18040000 		.4byte	0x418
 752 0245 50020000 		.4byte	0x250
 753 0249 14       		.uleb128 0x14
 754 024a 01       		.uleb128 0x1
 755 024b 50       		.byte	0x50
 756 024c 02       		.uleb128 0x2
 757 024d 08       		.byte	0x8
 758 024e 30       		.byte	0x30
 759 024f 00       		.byte	0
 760 0250 16       		.uleb128 0x16
 761 0251 54000000 		.4byte	.LVL19
 762 0255 23040000 		.4byte	0x423
 763 0259 65020000 		.4byte	0x265
 764 025d 14       		.uleb128 0x14
 765 025e 01       		.uleb128 0x1
 766 025f 50       		.byte	0x50
 767 0260 03       		.uleb128 0x3
 768 0261 0A       		.byte	0xa
 769 0262 D007     		.2byte	0x7d0
 770 0264 00       		.byte	0
 771 0265 16       		.uleb128 0x16
 772 0266 5A000000 		.4byte	.LVL20
 773 026a 2E040000 		.4byte	0x42e
 774 026e 7A020000 		.4byte	0x27a
 775 0272 14       		.uleb128 0x14
 776 0273 01       		.uleb128 0x1
 777 0274 50       		.byte	0x50
 778 0275 03       		.uleb128 0x3
 779 0276 0A       		.byte	0xa
 780 0277 DC05     		.2byte	0x5dc
 781 0279 00       		.byte	0
 782 027a 16       		.uleb128 0x16
 783 027b 86000000 		.4byte	.LVL21
 784 027f 39040000 		.4byte	0x439
ARM GAS  C:\Users\Ade0n\AppData\Local\Temp\ccn3nftU.s 			page 22


 785 0283 8D020000 		.4byte	0x28d
 786 0287 14       		.uleb128 0x14
 787 0288 01       		.uleb128 0x1
 788 0289 50       		.byte	0x50
 789 028a 01       		.uleb128 0x1
 790 028b 38       		.byte	0x38
 791 028c 00       		.byte	0
 792 028d 13       		.uleb128 0x13
 793 028e 8C000000 		.4byte	.LVL22
 794 0292 44040000 		.4byte	0x444
 795 0296 14       		.uleb128 0x14
 796 0297 01       		.uleb128 0x1
 797 0298 50       		.byte	0x50
 798 0299 01       		.uleb128 0x1
 799 029a 38       		.byte	0x38
 800 029b 00       		.byte	0
 801 029c 00       		.byte	0
 802 029d 17       		.uleb128 0x17
 803 029e 8F010000 		.4byte	.LASF48
 804 02a2 01       		.byte	0x1
 805 02a3 3301     		.2byte	0x133
 806 02a5 D8000000 		.4byte	.LFB8
 807 02a9 BC000000 		.4byte	.LFE8-.LFB8
 808 02ad 01       		.uleb128 0x1
 809 02ae 9C       		.byte	0x9c
 810 02af C4030000 		.4byte	0x3c4
 811 02b3 18       		.uleb128 0x18
 812 02b4 E2000000 		.4byte	.LBB3
 813 02b8 64000000 		.4byte	.LBE3-.LBB3
 814 02bc B1030000 		.4byte	0x3b1
 815 02c0 19       		.uleb128 0x19
 816 02c1 52000000 		.4byte	.LASF30
 817 02c5 01       		.byte	0x1
 818 02c6 3B01     		.2byte	0x13b
 819 02c8 D4030000 		.4byte	0x3d4
 820 02cc 05       		.uleb128 0x5
 821 02cd 03       		.byte	0x3
 822 02ce 18000000 		.4byte	cy_cfg_addr_table.4910
 823 02d2 19       		.uleb128 0x19
 824 02d3 64000000 		.4byte	.LASF31
 825 02d7 01       		.byte	0x1
 826 02d8 4001     		.2byte	0x140
 827 02da E9030000 		.4byte	0x3e9
 828 02de 05       		.uleb128 0x5
 829 02df 03       		.byte	0x3
 830 02e0 0C000000 		.4byte	cy_cfg_data_table.4911
 831 02e4 1A       		.uleb128 0x1a
 832 02e5 06       		.byte	0x6
 833 02e6 01       		.byte	0x1
 834 02e7 4A01     		.2byte	0x14a
 835 02e9 08030000 		.4byte	0x308
 836 02ed 1B       		.uleb128 0x1b
 837 02ee 9C010000 		.4byte	.LASF32
 838 02f2 01       		.byte	0x1
 839 02f3 4B01     		.2byte	0x14b
 840 02f5 84000000 		.4byte	0x84
 841 02f9 00       		.byte	0
ARM GAS  C:\Users\Ade0n\AppData\Local\Temp\ccn3nftU.s 			page 23


 842 02fa 1B       		.uleb128 0x1b
 843 02fb 8C000000 		.4byte	.LASF33
 844 02ff 01       		.byte	0x1
 845 0300 4C01     		.2byte	0x14c
 846 0302 99000000 		.4byte	0x99
 847 0306 04       		.byte	0x4
 848 0307 00       		.byte	0
 849 0308 06       		.uleb128 0x6
 850 0309 49020000 		.4byte	.LASF34
 851 030d 01       		.byte	0x1
 852 030e 4D01     		.2byte	0x14d
 853 0310 E4020000 		.4byte	0x2e4
 854 0314 1C       		.uleb128 0x1c
 855 0315 24030000 		.4byte	0x324
 856 0319 24030000 		.4byte	0x324
 857 031d 1D       		.uleb128 0x1d
 858 031e 7D000000 		.4byte	0x7d
 859 0322 01       		.byte	0x1
 860 0323 00       		.byte	0
 861 0324 10       		.uleb128 0x10
 862 0325 08030000 		.4byte	0x308
 863 0329 19       		.uleb128 0x19
 864 032a 7C000000 		.4byte	.LASF35
 865 032e 01       		.byte	0x1
 866 032f 4F01     		.2byte	0x14f
 867 0331 3B030000 		.4byte	0x33b
 868 0335 05       		.uleb128 0x5
 869 0336 03       		.byte	0x3
 870 0337 00000000 		.4byte	cfg_memset_list.4916
 871 033b 10       		.uleb128 0x10
 872 033c 14030000 		.4byte	0x314
 873 0340 1E       		.uleb128 0x1e
 874 0341 6900     		.ascii	"i\000"
 875 0343 01       		.byte	0x1
 876 0344 5501     		.2byte	0x155
 877 0346 8D000000 		.4byte	0x8d
 878 034a BC000000 		.4byte	.LLST6
 879 034e 18       		.uleb128 0x18
 880 034f E6000000 		.4byte	.LBB4
 881 0353 1C000000 		.4byte	.LBE4-.LBB4
 882 0357 94030000 		.4byte	0x394
 883 035b 1E       		.uleb128 0x1e
 884 035c 6D7300   		.ascii	"ms\000"
 885 035f 01       		.byte	0x1
 886 0360 5A01     		.2byte	0x15a
 887 0362 6A030000 		.4byte	0x36a
 888 0366 E6000000 		.4byte	.LLST7
 889 036a 0F       		.uleb128 0xf
 890 036b 04       		.byte	0x4
 891 036c 24030000 		.4byte	0x324
 892 0370 13       		.uleb128 0x13
 893 0371 02010000 		.4byte	.LVL25
 894 0375 A7010000 		.4byte	0x1a7
 895 0379 14       		.uleb128 0x14
 896 037a 01       		.uleb128 0x1
 897 037b 51       		.byte	0x51
 898 037c 15       		.uleb128 0x15
ARM GAS  C:\Users\Ade0n\AppData\Local\Temp\ccn3nftU.s 			page 24


 899 037d 74       		.byte	0x74
 900 037e 00       		.sleb128 0
 901 037f 31       		.byte	0x31
 902 0380 24       		.byte	0x24
 903 0381 74       		.byte	0x74
 904 0382 00       		.sleb128 0
 905 0383 22       		.byte	0x22
 906 0384 31       		.byte	0x31
 907 0385 24       		.byte	0x24
 908 0386 03       		.byte	0x3
 909 0387 04000000 		.4byte	.LANCHOR0+4
 910 038b 22       		.byte	0x22
 911 038c 94       		.byte	0x94
 912 038d 02       		.byte	0x2
 913 038e 0A       		.byte	0xa
 914 038f FFFF     		.2byte	0xffff
 915 0391 1A       		.byte	0x1a
 916 0392 00       		.byte	0
 917 0393 00       		.byte	0
 918 0394 13       		.uleb128 0x13
 919 0395 16010000 		.4byte	.LVL28
 920 0399 0D010000 		.4byte	0x10d
 921 039d 14       		.uleb128 0x14
 922 039e 01       		.uleb128 0x1
 923 039f 50       		.byte	0x50
 924 03a0 05       		.uleb128 0x5
 925 03a1 03       		.byte	0x3
 926 03a2 18000000 		.4byte	.LANCHOR0+24
 927 03a6 14       		.uleb128 0x14
 928 03a7 01       		.uleb128 0x1
 929 03a8 51       		.byte	0x51
 930 03a9 05       		.uleb128 0x5
 931 03aa 03       		.byte	0x3
 932 03ab 0C000000 		.4byte	.LANCHOR0+12
 933 03af 00       		.byte	0
 934 03b0 00       		.byte	0
 935 03b1 15       		.uleb128 0x15
 936 03b2 60010000 		.4byte	.LVL29
 937 03b6 F4010000 		.4byte	0x1f4
 938 03ba 15       		.uleb128 0x15
 939 03bb 64010000 		.4byte	.LVL30
 940 03bf 95010000 		.4byte	0x195
 941 03c3 00       		.byte	0
 942 03c4 1C       		.uleb128 0x1c
 943 03c5 85010000 		.4byte	0x185
 944 03c9 D4030000 		.4byte	0x3d4
 945 03cd 1D       		.uleb128 0x1d
 946 03ce 7D000000 		.4byte	0x7d
 947 03d2 01       		.byte	0x1
 948 03d3 00       		.byte	0
 949 03d4 10       		.uleb128 0x10
 950 03d5 C4030000 		.4byte	0x3c4
 951 03d9 1C       		.uleb128 0x1c
 952 03da 90010000 		.4byte	0x190
 953 03de E9030000 		.4byte	0x3e9
 954 03e2 1D       		.uleb128 0x1d
 955 03e3 7D000000 		.4byte	0x7d
ARM GAS  C:\Users\Ade0n\AppData\Local\Temp\ccn3nftU.s 			page 25


 956 03e7 04       		.byte	0x4
 957 03e8 00       		.byte	0
 958 03e9 10       		.uleb128 0x10
 959 03ea D9030000 		.4byte	0x3d9
 960 03ee 1F       		.uleb128 0x1f
 961 03ef 32010000 		.4byte	.LASF49
 962 03f3 32010000 		.4byte	.LASF49
 963 03f7 20       		.uleb128 0x20
 964 03f8 09010000 		.4byte	.LASF36
 965 03fc 09010000 		.4byte	.LASF36
 966 0400 04       		.byte	0x4
 967 0401 4E       		.byte	0x4e
 968 0402 20       		.uleb128 0x20
 969 0403 00000000 		.4byte	.LASF37
 970 0407 00000000 		.4byte	.LASF37
 971 040b 05       		.byte	0x5
 972 040c EF       		.byte	0xef
 973 040d 20       		.uleb128 0x20
 974 040e D9000000 		.4byte	.LASF38
 975 0412 D9000000 		.4byte	.LASF38
 976 0416 04       		.byte	0x4
 977 0417 50       		.byte	0x50
 978 0418 20       		.uleb128 0x20
 979 0419 CD020000 		.4byte	.LASF39
 980 041d CD020000 		.4byte	.LASF39
 981 0421 05       		.byte	0x5
 982 0422 6C       		.byte	0x6c
 983 0423 20       		.uleb128 0x20
 984 0424 98020000 		.4byte	.LASF40
 985 0428 98020000 		.4byte	.LASF40
 986 042c 05       		.byte	0x5
 987 042d 84       		.byte	0x84
 988 042e 20       		.uleb128 0x20
 989 042f 89020000 		.4byte	.LASF41
 990 0433 89020000 		.4byte	.LASF41
 991 0437 05       		.byte	0x5
 992 0438 ED       		.byte	0xed
 993 0439 20       		.uleb128 0x20
 994 043a 2C000000 		.4byte	.LASF42
 995 043e 2C000000 		.4byte	.LASF42
 996 0442 05       		.byte	0x5
 997 0443 D0       		.byte	0xd0
 998 0444 20       		.uleb128 0x20
 999 0445 52010000 		.4byte	.LASF43
 1000 0449 52010000 		.4byte	.LASF43
 1001 044d 05       		.byte	0x5
 1002 044e D6       		.byte	0xd6
 1003 044f 00       		.byte	0
 1004              		.section	.debug_abbrev,"",%progbits
 1005              	.Ldebug_abbrev0:
 1006 0000 01       		.uleb128 0x1
 1007 0001 11       		.uleb128 0x11
 1008 0002 01       		.byte	0x1
 1009 0003 25       		.uleb128 0x25
 1010 0004 0E       		.uleb128 0xe
 1011 0005 13       		.uleb128 0x13
 1012 0006 0B       		.uleb128 0xb
ARM GAS  C:\Users\Ade0n\AppData\Local\Temp\ccn3nftU.s 			page 26


 1013 0007 03       		.uleb128 0x3
 1014 0008 0E       		.uleb128 0xe
 1015 0009 1B       		.uleb128 0x1b
 1016 000a 0E       		.uleb128 0xe
 1017 000b 55       		.uleb128 0x55
 1018 000c 17       		.uleb128 0x17
 1019 000d 11       		.uleb128 0x11
 1020 000e 01       		.uleb128 0x1
 1021 000f 10       		.uleb128 0x10
 1022 0010 17       		.uleb128 0x17
 1023 0011 00       		.byte	0
 1024 0012 00       		.byte	0
 1025 0013 02       		.uleb128 0x2
 1026 0014 24       		.uleb128 0x24
 1027 0015 00       		.byte	0
 1028 0016 0B       		.uleb128 0xb
 1029 0017 0B       		.uleb128 0xb
 1030 0018 3E       		.uleb128 0x3e
 1031 0019 0B       		.uleb128 0xb
 1032 001a 03       		.uleb128 0x3
 1033 001b 08       		.uleb128 0x8
 1034 001c 00       		.byte	0
 1035 001d 00       		.byte	0
 1036 001e 03       		.uleb128 0x3
 1037 001f 16       		.uleb128 0x16
 1038 0020 00       		.byte	0
 1039 0021 03       		.uleb128 0x3
 1040 0022 0E       		.uleb128 0xe
 1041 0023 3A       		.uleb128 0x3a
 1042 0024 0B       		.uleb128 0xb
 1043 0025 3B       		.uleb128 0x3b
 1044 0026 0B       		.uleb128 0xb
 1045 0027 49       		.uleb128 0x49
 1046 0028 13       		.uleb128 0x13
 1047 0029 00       		.byte	0
 1048 002a 00       		.byte	0
 1049 002b 04       		.uleb128 0x4
 1050 002c 24       		.uleb128 0x24
 1051 002d 00       		.byte	0
 1052 002e 0B       		.uleb128 0xb
 1053 002f 0B       		.uleb128 0xb
 1054 0030 3E       		.uleb128 0x3e
 1055 0031 0B       		.uleb128 0xb
 1056 0032 03       		.uleb128 0x3
 1057 0033 0E       		.uleb128 0xe
 1058 0034 00       		.byte	0
 1059 0035 00       		.byte	0
 1060 0036 05       		.uleb128 0x5
 1061 0037 0F       		.uleb128 0xf
 1062 0038 00       		.byte	0
 1063 0039 0B       		.uleb128 0xb
 1064 003a 0B       		.uleb128 0xb
 1065 003b 00       		.byte	0
 1066 003c 00       		.byte	0
 1067 003d 06       		.uleb128 0x6
 1068 003e 16       		.uleb128 0x16
 1069 003f 00       		.byte	0
ARM GAS  C:\Users\Ade0n\AppData\Local\Temp\ccn3nftU.s 			page 27


 1070 0040 03       		.uleb128 0x3
 1071 0041 0E       		.uleb128 0xe
 1072 0042 3A       		.uleb128 0x3a
 1073 0043 0B       		.uleb128 0xb
 1074 0044 3B       		.uleb128 0x3b
 1075 0045 05       		.uleb128 0x5
 1076 0046 49       		.uleb128 0x49
 1077 0047 13       		.uleb128 0x13
 1078 0048 00       		.byte	0
 1079 0049 00       		.byte	0
 1080 004a 07       		.uleb128 0x7
 1081 004b 35       		.uleb128 0x35
 1082 004c 00       		.byte	0
 1083 004d 49       		.uleb128 0x49
 1084 004e 13       		.uleb128 0x13
 1085 004f 00       		.byte	0
 1086 0050 00       		.byte	0
 1087 0051 08       		.uleb128 0x8
 1088 0052 13       		.uleb128 0x13
 1089 0053 01       		.byte	0x1
 1090 0054 0B       		.uleb128 0xb
 1091 0055 0B       		.uleb128 0xb
 1092 0056 3A       		.uleb128 0x3a
 1093 0057 0B       		.uleb128 0xb
 1094 0058 3B       		.uleb128 0x3b
 1095 0059 0B       		.uleb128 0xb
 1096 005a 01       		.uleb128 0x1
 1097 005b 13       		.uleb128 0x13
 1098 005c 00       		.byte	0
 1099 005d 00       		.byte	0
 1100 005e 09       		.uleb128 0x9
 1101 005f 0D       		.uleb128 0xd
 1102 0060 00       		.byte	0
 1103 0061 03       		.uleb128 0x3
 1104 0062 0E       		.uleb128 0xe
 1105 0063 3A       		.uleb128 0x3a
 1106 0064 0B       		.uleb128 0xb
 1107 0065 3B       		.uleb128 0x3b
 1108 0066 0B       		.uleb128 0xb
 1109 0067 49       		.uleb128 0x49
 1110 0068 13       		.uleb128 0x13
 1111 0069 38       		.uleb128 0x38
 1112 006a 0B       		.uleb128 0xb
 1113 006b 00       		.byte	0
 1114 006c 00       		.byte	0
 1115 006d 0A       		.uleb128 0xa
 1116 006e 2E       		.uleb128 0x2e
 1117 006f 01       		.byte	0x1
 1118 0070 03       		.uleb128 0x3
 1119 0071 0E       		.uleb128 0xe
 1120 0072 3A       		.uleb128 0x3a
 1121 0073 0B       		.uleb128 0xb
 1122 0074 3B       		.uleb128 0x3b
 1123 0075 0B       		.uleb128 0xb
 1124 0076 27       		.uleb128 0x27
 1125 0077 19       		.uleb128 0x19
 1126 0078 11       		.uleb128 0x11
ARM GAS  C:\Users\Ade0n\AppData\Local\Temp\ccn3nftU.s 			page 28


 1127 0079 01       		.uleb128 0x1
 1128 007a 12       		.uleb128 0x12
 1129 007b 06       		.uleb128 0x6
 1130 007c 40       		.uleb128 0x40
 1131 007d 18       		.uleb128 0x18
 1132 007e 9742     		.uleb128 0x2117
 1133 0080 19       		.uleb128 0x19
 1134 0081 01       		.uleb128 0x1
 1135 0082 13       		.uleb128 0x13
 1136 0083 00       		.byte	0
 1137 0084 00       		.byte	0
 1138 0085 0B       		.uleb128 0xb
 1139 0086 05       		.uleb128 0x5
 1140 0087 00       		.byte	0
 1141 0088 03       		.uleb128 0x3
 1142 0089 0E       		.uleb128 0xe
 1143 008a 3A       		.uleb128 0x3a
 1144 008b 0B       		.uleb128 0xb
 1145 008c 3B       		.uleb128 0x3b
 1146 008d 0B       		.uleb128 0xb
 1147 008e 49       		.uleb128 0x49
 1148 008f 13       		.uleb128 0x13
 1149 0090 02       		.uleb128 0x2
 1150 0091 18       		.uleb128 0x18
 1151 0092 00       		.byte	0
 1152 0093 00       		.byte	0
 1153 0094 0C       		.uleb128 0xc
 1154 0095 34       		.uleb128 0x34
 1155 0096 00       		.byte	0
 1156 0097 03       		.uleb128 0x3
 1157 0098 08       		.uleb128 0x8
 1158 0099 3A       		.uleb128 0x3a
 1159 009a 0B       		.uleb128 0xb
 1160 009b 3B       		.uleb128 0x3b
 1161 009c 0B       		.uleb128 0xb
 1162 009d 49       		.uleb128 0x49
 1163 009e 13       		.uleb128 0x13
 1164 009f 02       		.uleb128 0x2
 1165 00a0 17       		.uleb128 0x17
 1166 00a1 00       		.byte	0
 1167 00a2 00       		.byte	0
 1168 00a3 0D       		.uleb128 0xd
 1169 00a4 0B       		.uleb128 0xb
 1170 00a5 01       		.byte	0x1
 1171 00a6 11       		.uleb128 0x11
 1172 00a7 01       		.uleb128 0x1
 1173 00a8 12       		.uleb128 0x12
 1174 00a9 06       		.uleb128 0x6
 1175 00aa 00       		.byte	0
 1176 00ab 00       		.byte	0
 1177 00ac 0E       		.uleb128 0xe
 1178 00ad 34       		.uleb128 0x34
 1179 00ae 00       		.byte	0
 1180 00af 03       		.uleb128 0x3
 1181 00b0 0E       		.uleb128 0xe
 1182 00b1 3A       		.uleb128 0x3a
 1183 00b2 0B       		.uleb128 0xb
ARM GAS  C:\Users\Ade0n\AppData\Local\Temp\ccn3nftU.s 			page 29


 1184 00b3 3B       		.uleb128 0x3b
 1185 00b4 0B       		.uleb128 0xb
 1186 00b5 49       		.uleb128 0x49
 1187 00b6 13       		.uleb128 0x13
 1188 00b7 02       		.uleb128 0x2
 1189 00b8 17       		.uleb128 0x17
 1190 00b9 00       		.byte	0
 1191 00ba 00       		.byte	0
 1192 00bb 0F       		.uleb128 0xf
 1193 00bc 0F       		.uleb128 0xf
 1194 00bd 00       		.byte	0
 1195 00be 0B       		.uleb128 0xb
 1196 00bf 0B       		.uleb128 0xb
 1197 00c0 49       		.uleb128 0x49
 1198 00c1 13       		.uleb128 0x13
 1199 00c2 00       		.byte	0
 1200 00c3 00       		.byte	0
 1201 00c4 10       		.uleb128 0x10
 1202 00c5 26       		.uleb128 0x26
 1203 00c6 00       		.byte	0
 1204 00c7 49       		.uleb128 0x49
 1205 00c8 13       		.uleb128 0x13
 1206 00c9 00       		.byte	0
 1207 00ca 00       		.byte	0
 1208 00cb 11       		.uleb128 0x11
 1209 00cc 2E       		.uleb128 0x2e
 1210 00cd 00       		.byte	0
 1211 00ce 03       		.uleb128 0x3
 1212 00cf 0E       		.uleb128 0xe
 1213 00d0 3A       		.uleb128 0x3a
 1214 00d1 0B       		.uleb128 0xb
 1215 00d2 3B       		.uleb128 0x3b
 1216 00d3 05       		.uleb128 0x5
 1217 00d4 27       		.uleb128 0x27
 1218 00d5 19       		.uleb128 0x19
 1219 00d6 11       		.uleb128 0x11
 1220 00d7 01       		.uleb128 0x1
 1221 00d8 12       		.uleb128 0x12
 1222 00d9 06       		.uleb128 0x6
 1223 00da 40       		.uleb128 0x40
 1224 00db 18       		.uleb128 0x18
 1225 00dc 9742     		.uleb128 0x2117
 1226 00de 19       		.uleb128 0x19
 1227 00df 00       		.byte	0
 1228 00e0 00       		.byte	0
 1229 00e1 12       		.uleb128 0x12
 1230 00e2 05       		.uleb128 0x5
 1231 00e3 00       		.byte	0
 1232 00e4 03       		.uleb128 0x3
 1233 00e5 08       		.uleb128 0x8
 1234 00e6 3A       		.uleb128 0x3a
 1235 00e7 0B       		.uleb128 0xb
 1236 00e8 3B       		.uleb128 0x3b
 1237 00e9 0B       		.uleb128 0xb
 1238 00ea 49       		.uleb128 0x49
 1239 00eb 13       		.uleb128 0x13
 1240 00ec 02       		.uleb128 0x2
ARM GAS  C:\Users\Ade0n\AppData\Local\Temp\ccn3nftU.s 			page 30


 1241 00ed 17       		.uleb128 0x17
 1242 00ee 00       		.byte	0
 1243 00ef 00       		.byte	0
 1244 00f0 13       		.uleb128 0x13
 1245 00f1 898201   		.uleb128 0x4109
 1246 00f4 01       		.byte	0x1
 1247 00f5 11       		.uleb128 0x11
 1248 00f6 01       		.uleb128 0x1
 1249 00f7 31       		.uleb128 0x31
 1250 00f8 13       		.uleb128 0x13
 1251 00f9 00       		.byte	0
 1252 00fa 00       		.byte	0
 1253 00fb 14       		.uleb128 0x14
 1254 00fc 8A8201   		.uleb128 0x410a
 1255 00ff 00       		.byte	0
 1256 0100 02       		.uleb128 0x2
 1257 0101 18       		.uleb128 0x18
 1258 0102 9142     		.uleb128 0x2111
 1259 0104 18       		.uleb128 0x18
 1260 0105 00       		.byte	0
 1261 0106 00       		.byte	0
 1262 0107 15       		.uleb128 0x15
 1263 0108 898201   		.uleb128 0x4109
 1264 010b 00       		.byte	0
 1265 010c 11       		.uleb128 0x11
 1266 010d 01       		.uleb128 0x1
 1267 010e 31       		.uleb128 0x31
 1268 010f 13       		.uleb128 0x13
 1269 0110 00       		.byte	0
 1270 0111 00       		.byte	0
 1271 0112 16       		.uleb128 0x16
 1272 0113 898201   		.uleb128 0x4109
 1273 0116 01       		.byte	0x1
 1274 0117 11       		.uleb128 0x11
 1275 0118 01       		.uleb128 0x1
 1276 0119 31       		.uleb128 0x31
 1277 011a 13       		.uleb128 0x13
 1278 011b 01       		.uleb128 0x1
 1279 011c 13       		.uleb128 0x13
 1280 011d 00       		.byte	0
 1281 011e 00       		.byte	0
 1282 011f 17       		.uleb128 0x17
 1283 0120 2E       		.uleb128 0x2e
 1284 0121 01       		.byte	0x1
 1285 0122 3F       		.uleb128 0x3f
 1286 0123 19       		.uleb128 0x19
 1287 0124 03       		.uleb128 0x3
 1288 0125 0E       		.uleb128 0xe
 1289 0126 3A       		.uleb128 0x3a
 1290 0127 0B       		.uleb128 0xb
 1291 0128 3B       		.uleb128 0x3b
 1292 0129 05       		.uleb128 0x5
 1293 012a 27       		.uleb128 0x27
 1294 012b 19       		.uleb128 0x19
 1295 012c 11       		.uleb128 0x11
 1296 012d 01       		.uleb128 0x1
 1297 012e 12       		.uleb128 0x12
ARM GAS  C:\Users\Ade0n\AppData\Local\Temp\ccn3nftU.s 			page 31


 1298 012f 06       		.uleb128 0x6
 1299 0130 40       		.uleb128 0x40
 1300 0131 18       		.uleb128 0x18
 1301 0132 9742     		.uleb128 0x2117
 1302 0134 19       		.uleb128 0x19
 1303 0135 01       		.uleb128 0x1
 1304 0136 13       		.uleb128 0x13
 1305 0137 00       		.byte	0
 1306 0138 00       		.byte	0
 1307 0139 18       		.uleb128 0x18
 1308 013a 0B       		.uleb128 0xb
 1309 013b 01       		.byte	0x1
 1310 013c 11       		.uleb128 0x11
 1311 013d 01       		.uleb128 0x1
 1312 013e 12       		.uleb128 0x12
 1313 013f 06       		.uleb128 0x6
 1314 0140 01       		.uleb128 0x1
 1315 0141 13       		.uleb128 0x13
 1316 0142 00       		.byte	0
 1317 0143 00       		.byte	0
 1318 0144 19       		.uleb128 0x19
 1319 0145 34       		.uleb128 0x34
 1320 0146 00       		.byte	0
 1321 0147 03       		.uleb128 0x3
 1322 0148 0E       		.uleb128 0xe
 1323 0149 3A       		.uleb128 0x3a
 1324 014a 0B       		.uleb128 0xb
 1325 014b 3B       		.uleb128 0x3b
 1326 014c 05       		.uleb128 0x5
 1327 014d 49       		.uleb128 0x49
 1328 014e 13       		.uleb128 0x13
 1329 014f 02       		.uleb128 0x2
 1330 0150 18       		.uleb128 0x18
 1331 0151 00       		.byte	0
 1332 0152 00       		.byte	0
 1333 0153 1A       		.uleb128 0x1a
 1334 0154 13       		.uleb128 0x13
 1335 0155 01       		.byte	0x1
 1336 0156 0B       		.uleb128 0xb
 1337 0157 0B       		.uleb128 0xb
 1338 0158 3A       		.uleb128 0x3a
 1339 0159 0B       		.uleb128 0xb
 1340 015a 3B       		.uleb128 0x3b
 1341 015b 05       		.uleb128 0x5
 1342 015c 01       		.uleb128 0x1
 1343 015d 13       		.uleb128 0x13
 1344 015e 00       		.byte	0
 1345 015f 00       		.byte	0
 1346 0160 1B       		.uleb128 0x1b
 1347 0161 0D       		.uleb128 0xd
 1348 0162 00       		.byte	0
 1349 0163 03       		.uleb128 0x3
 1350 0164 0E       		.uleb128 0xe
 1351 0165 3A       		.uleb128 0x3a
 1352 0166 0B       		.uleb128 0xb
 1353 0167 3B       		.uleb128 0x3b
 1354 0168 05       		.uleb128 0x5
ARM GAS  C:\Users\Ade0n\AppData\Local\Temp\ccn3nftU.s 			page 32


 1355 0169 49       		.uleb128 0x49
 1356 016a 13       		.uleb128 0x13
 1357 016b 38       		.uleb128 0x38
 1358 016c 0B       		.uleb128 0xb
 1359 016d 00       		.byte	0
 1360 016e 00       		.byte	0
 1361 016f 1C       		.uleb128 0x1c
 1362 0170 01       		.uleb128 0x1
 1363 0171 01       		.byte	0x1
 1364 0172 49       		.uleb128 0x49
 1365 0173 13       		.uleb128 0x13
 1366 0174 01       		.uleb128 0x1
 1367 0175 13       		.uleb128 0x13
 1368 0176 00       		.byte	0
 1369 0177 00       		.byte	0
 1370 0178 1D       		.uleb128 0x1d
 1371 0179 21       		.uleb128 0x21
 1372 017a 00       		.byte	0
 1373 017b 49       		.uleb128 0x49
 1374 017c 13       		.uleb128 0x13
 1375 017d 2F       		.uleb128 0x2f
 1376 017e 0B       		.uleb128 0xb
 1377 017f 00       		.byte	0
 1378 0180 00       		.byte	0
 1379 0181 1E       		.uleb128 0x1e
 1380 0182 34       		.uleb128 0x34
 1381 0183 00       		.byte	0
 1382 0184 03       		.uleb128 0x3
 1383 0185 08       		.uleb128 0x8
 1384 0186 3A       		.uleb128 0x3a
 1385 0187 0B       		.uleb128 0xb
 1386 0188 3B       		.uleb128 0x3b
 1387 0189 05       		.uleb128 0x5
 1388 018a 49       		.uleb128 0x49
 1389 018b 13       		.uleb128 0x13
 1390 018c 02       		.uleb128 0x2
 1391 018d 17       		.uleb128 0x17
 1392 018e 00       		.byte	0
 1393 018f 00       		.byte	0
 1394 0190 1F       		.uleb128 0x1f
 1395 0191 2E       		.uleb128 0x2e
 1396 0192 00       		.byte	0
 1397 0193 3F       		.uleb128 0x3f
 1398 0194 19       		.uleb128 0x19
 1399 0195 3C       		.uleb128 0x3c
 1400 0196 19       		.uleb128 0x19
 1401 0197 6E       		.uleb128 0x6e
 1402 0198 0E       		.uleb128 0xe
 1403 0199 03       		.uleb128 0x3
 1404 019a 0E       		.uleb128 0xe
 1405 019b 00       		.byte	0
 1406 019c 00       		.byte	0
 1407 019d 20       		.uleb128 0x20
 1408 019e 2E       		.uleb128 0x2e
 1409 019f 00       		.byte	0
 1410 01a0 3F       		.uleb128 0x3f
 1411 01a1 19       		.uleb128 0x19
ARM GAS  C:\Users\Ade0n\AppData\Local\Temp\ccn3nftU.s 			page 33


 1412 01a2 3C       		.uleb128 0x3c
 1413 01a3 19       		.uleb128 0x19
 1414 01a4 6E       		.uleb128 0x6e
 1415 01a5 0E       		.uleb128 0xe
 1416 01a6 03       		.uleb128 0x3
 1417 01a7 0E       		.uleb128 0xe
 1418 01a8 3A       		.uleb128 0x3a
 1419 01a9 0B       		.uleb128 0xb
 1420 01aa 3B       		.uleb128 0x3b
 1421 01ab 0B       		.uleb128 0xb
 1422 01ac 00       		.byte	0
 1423 01ad 00       		.byte	0
 1424 01ae 00       		.byte	0
 1425              		.section	.debug_loc,"",%progbits
 1426              	.Ldebug_loc0:
 1427              	.LLST0:
 1428 0000 02000000 		.4byte	.LVL1
 1429 0004 08000000 		.4byte	.LVL2
 1430 0008 0200     		.2byte	0x2
 1431 000a 30       		.byte	0x30
 1432 000b 9F       		.byte	0x9f
 1433 000c 08000000 		.4byte	.LVL2
 1434 0010 30000000 		.4byte	.LVL11
 1435 0014 0100     		.2byte	0x1
 1436 0016 57       		.byte	0x57
 1437 0017 00000000 		.4byte	0
 1438 001b 00000000 		.4byte	0
 1439              	.LLST1:
 1440 001f 02000000 		.4byte	.LVL1
 1441 0023 08000000 		.4byte	.LVL2
 1442 0027 0200     		.2byte	0x2
 1443 0029 30       		.byte	0x30
 1444 002a 9F       		.byte	0x9f
 1445 002b 08000000 		.4byte	.LVL2
 1446 002f 30000000 		.4byte	.LVL10
 1447 0033 0100     		.2byte	0x1
 1448 0035 55       		.byte	0x55
 1449 0036 00000000 		.4byte	0
 1450 003a 00000000 		.4byte	0
 1451              	.LLST2:
 1452 003e 0C000000 		.4byte	.LVL3
 1453 0042 2C000000 		.4byte	.LVL9
 1454 0046 0100     		.2byte	0x1
 1455 0048 56       		.byte	0x56
 1456 0049 00000000 		.4byte	0
 1457 004d 00000000 		.4byte	0
 1458              	.LLST3:
 1459 0051 0E000000 		.4byte	.LVL4
 1460 0055 24000000 		.4byte	.LVL7
 1461 0059 0100     		.2byte	0x1
 1462 005b 53       		.byte	0x53
 1463 005c 26000000 		.4byte	.LVL8
 1464 0060 2C000000 		.4byte	.LVL9
 1465 0064 0100     		.2byte	0x1
 1466 0066 53       		.byte	0x53
 1467 0067 00000000 		.4byte	0
 1468 006b 00000000 		.4byte	0
ARM GAS  C:\Users\Ade0n\AppData\Local\Temp\ccn3nftU.s 			page 34


 1469              	.LLST4:
 1470 006f 00000000 		.4byte	.LVL12
 1471 0073 09000000 		.4byte	.LVL14-1
 1472 0077 0100     		.2byte	0x1
 1473 0079 50       		.byte	0x50
 1474 007a 09000000 		.4byte	.LVL14-1
 1475 007e 0C000000 		.4byte	.LFE2
 1476 0082 0400     		.2byte	0x4
 1477 0084 F3       		.byte	0xf3
 1478 0085 01       		.uleb128 0x1
 1479 0086 50       		.byte	0x50
 1480 0087 9F       		.byte	0x9f
 1481 0088 00000000 		.4byte	0
 1482 008c 00000000 		.4byte	0
 1483              	.LLST5:
 1484 0090 00000000 		.4byte	.LVL12
 1485 0094 06000000 		.4byte	.LVL13
 1486 0098 0100     		.2byte	0x1
 1487 009a 51       		.byte	0x51
 1488 009b 06000000 		.4byte	.LVL13
 1489 009f 09000000 		.4byte	.LVL14-1
 1490 00a3 0100     		.2byte	0x1
 1491 00a5 52       		.byte	0x52
 1492 00a6 09000000 		.4byte	.LVL14-1
 1493 00aa 0C000000 		.4byte	.LFE2
 1494 00ae 0400     		.2byte	0x4
 1495 00b0 F3       		.byte	0xf3
 1496 00b1 01       		.uleb128 0x1
 1497 00b2 51       		.byte	0x51
 1498 00b3 9F       		.byte	0x9f
 1499 00b4 00000000 		.4byte	0
 1500 00b8 00000000 		.4byte	0
 1501              	.LLST6:
 1502 00bc E2000000 		.4byte	.LVL23
 1503 00c0 E6000000 		.4byte	.LVL24
 1504 00c4 0200     		.2byte	0x2
 1505 00c6 30       		.byte	0x30
 1506 00c7 9F       		.byte	0x9f
 1507 00c8 E6000000 		.4byte	.LVL24
 1508 00cc 04010000 		.4byte	.LVL26
 1509 00d0 0100     		.2byte	0x1
 1510 00d2 54       		.byte	0x54
 1511 00d3 06010000 		.4byte	.LVL27
 1512 00d7 64010000 		.4byte	.LVL31
 1513 00db 0100     		.2byte	0x1
 1514 00dd 54       		.byte	0x54
 1515 00de 00000000 		.4byte	0
 1516 00e2 00000000 		.4byte	0
 1517              	.LLST7:
 1518 00e6 E6000000 		.4byte	.LVL24
 1519 00ea 04010000 		.4byte	.LVL26
 1520 00ee 0B00     		.2byte	0xb
 1521 00f0 74       		.byte	0x74
 1522 00f1 00       		.sleb128 0
 1523 00f2 36       		.byte	0x36
 1524 00f3 1E       		.byte	0x1e
 1525 00f4 03       		.byte	0x3
ARM GAS  C:\Users\Ade0n\AppData\Local\Temp\ccn3nftU.s 			page 35


 1526 00f5 00000000 		.4byte	cfg_memset_list.4916
 1527 00f9 22       		.byte	0x22
 1528 00fa 9F       		.byte	0x9f
 1529 00fb 04010000 		.4byte	.LVL26
 1530 00ff 06010000 		.4byte	.LVL27
 1531 0103 0B00     		.2byte	0xb
 1532 0105 74       		.byte	0x74
 1533 0106 7F       		.sleb128 -1
 1534 0107 36       		.byte	0x36
 1535 0108 1E       		.byte	0x1e
 1536 0109 03       		.byte	0x3
 1537 010a 00000000 		.4byte	cfg_memset_list.4916
 1538 010e 22       		.byte	0x22
 1539 010f 9F       		.byte	0x9f
 1540 0110 00000000 		.4byte	0
 1541 0114 00000000 		.4byte	0
 1542              		.section	.debug_aranges,"",%progbits
 1543 0000 3C000000 		.4byte	0x3c
 1544 0004 0200     		.2byte	0x2
 1545 0006 00000000 		.4byte	.Ldebug_info0
 1546 000a 04       		.byte	0x4
 1547 000b 00       		.byte	0
 1548 000c 0000     		.2byte	0
 1549 000e 0000     		.2byte	0
 1550 0010 00000000 		.4byte	.LFB5
 1551 0014 32000000 		.4byte	.LFE5-.LFB5
 1552 0018 00000000 		.4byte	.LFB7
 1553 001c 20000000 		.4byte	.LFE7-.LFB7
 1554 0020 00000000 		.4byte	.LFB2
 1555 0024 0C000000 		.4byte	.LFE2-.LFB2
 1556 0028 00000000 		.4byte	.LFB6
 1557 002c D8000000 		.4byte	.LFE6-.LFB6
 1558 0030 D8000000 		.4byte	.LFB8
 1559 0034 BC000000 		.4byte	.LFE8-.LFB8
 1560 0038 00000000 		.4byte	0
 1561 003c 00000000 		.4byte	0
 1562              		.section	.debug_ranges,"",%progbits
 1563              	.Ldebug_ranges0:
 1564 0000 00000000 		.4byte	.LFB5
 1565 0004 32000000 		.4byte	.LFE5
 1566 0008 00000000 		.4byte	.LFB7
 1567 000c 20000000 		.4byte	.LFE7
 1568 0010 00000000 		.4byte	.LFB2
 1569 0014 0C000000 		.4byte	.LFE2
 1570 0018 00000000 		.4byte	.LFB6
 1571 001c D8000000 		.4byte	.LFE6
 1572 0020 D8000000 		.4byte	.LFB8
 1573 0024 94010000 		.4byte	.LFE8
 1574 0028 00000000 		.4byte	0
 1575 002c 00000000 		.4byte	0
 1576              		.section	.debug_line,"",%progbits
 1577              	.Ldebug_line0:
 1578 0000 86010000 		.section	.debug_str,"MS",%progbits,1
 1578      0200E300 
 1578      00000201 
 1578      FB0E0D00 
 1578      01010101 
ARM GAS  C:\Users\Ade0n\AppData\Local\Temp\ccn3nftU.s 			page 36


 1579              	.LASF37:
 1580 0000 43794465 		.ascii	"CyDelayCycles\000"
 1580      6C617943 
 1580      79636C65 
 1580      7300
 1581              	.LASF19:
 1582 000e 72656733 		.ascii	"reg32\000"
 1582      3200
 1583              	.LASF12:
 1584 0014 73697A65 		.ascii	"size_t\000"
 1584      5F7400
 1585              	.LASF47:
 1586 001b 416E616C 		.ascii	"AnalogSetDefault\000"
 1586      6F675365 
 1586      74446566 
 1586      61756C74 
 1586      00
 1587              	.LASF42:
 1588 002c 4379496E 		.ascii	"CyIntSetVector\000"
 1588      74536574 
 1588      56656374 
 1588      6F7200
 1589              	.LASF21:
 1590 003b 76616C75 		.ascii	"value\000"
 1590      6500
 1591              	.LASF26:
 1592 0041 636F756E 		.ascii	"count\000"
 1592      7400
 1593              	.LASF29:
 1594 0047 436C6F63 		.ascii	"ClockSetup\000"
 1594      6B536574 
 1594      757000
 1595              	.LASF30:
 1596 0052 63795F63 		.ascii	"cy_cfg_addr_table\000"
 1596      66675F61 
 1596      6464725F 
 1596      7461626C 
 1596      6500
 1597              	.LASF31:
 1598 0064 63795F63 		.ascii	"cy_cfg_data_table\000"
 1598      66675F64 
 1598      6174615F 
 1598      7461626C 
 1598      6500
 1599              	.LASF16:
 1600 0076 666C6F61 		.ascii	"float\000"
 1600      7400
 1601              	.LASF35:
 1602 007c 6366675F 		.ascii	"cfg_memset_list\000"
 1602      6D656D73 
 1602      65745F6C 
 1602      69737400 
 1603              	.LASF33:
 1604 008c 73697A65 		.ascii	"size\000"
 1604      00
 1605              	.LASF46:
 1606 0091 433A5C55 		.ascii	"C:\\Users\\Ade0n\\Desktop\\lab\\psoc_5-2-muliak_tru"
ARM GAS  C:\Users\Ade0n\AppData\Local\Temp\ccn3nftU.s 			page 37


 1606      73657273 
 1606      5C416465 
 1606      306E5C44 
 1606      65736B74 
 1607 00bf 73685C4C 		.ascii	"sh\\Lab_1_3_LED.cydsn\000"
 1607      61625F31 
 1607      5F335F4C 
 1607      45442E63 
 1607      7964736E 
 1608              	.LASF18:
 1609 00d4 72656738 		.ascii	"reg8\000"
 1609      00
 1610              	.LASF38:
 1611 00d9 43795379 		.ascii	"CySysClkWcoSetPowerMode\000"
 1611      73436C6B 
 1611      57636F53 
 1611      6574506F 
 1611      7765724D 
 1612              	.LASF8:
 1613 00f1 6C6F6E67 		.ascii	"long unsigned int\000"
 1613      20756E73 
 1613      69676E65 
 1613      6420696E 
 1613      7400
 1614              	.LASF13:
 1615 0103 75696E74 		.ascii	"uint8\000"
 1615      3800
 1616              	.LASF36:
 1617 0109 43795379 		.ascii	"CySysClkWcoStart\000"
 1617      73436C6B 
 1617      57636F53 
 1617      74617274 
 1617      00
 1618              	.LASF28:
 1619 011a 43594D45 		.ascii	"CYMEMZERO\000"
 1619      4D5A4552 
 1619      4F00
 1620              	.LASF4:
 1621 0124 756E7369 		.ascii	"unsigned char\000"
 1621      676E6564 
 1621      20636861 
 1621      7200
 1622              	.LASF49:
 1623 0132 6D656D73 		.ascii	"memset\000"
 1623      657400
 1624              	.LASF17:
 1625 0139 646F7562 		.ascii	"double\000"
 1625      6C6500
 1626              	.LASF27:
 1627 0140 6366675F 		.ascii	"cfg_write_bytes32\000"
 1627      77726974 
 1627      655F6279 
 1627      74657333 
 1627      3200
 1628              	.LASF43:
 1629 0152 4379496E 		.ascii	"CyIntEnable\000"
 1629      74456E61 
ARM GAS  C:\Users\Ade0n\AppData\Local\Temp\ccn3nftU.s 			page 38


 1629      626C6500 
 1630              	.LASF23:
 1631 015e 61646472 		.ascii	"addr_table\000"
 1631      5F746162 
 1631      6C6500
 1632              	.LASF14:
 1633 0169 75696E74 		.ascii	"uint16\000"
 1633      313600
 1634              	.LASF24:
 1635 0170 64617461 		.ascii	"data_table\000"
 1635      5F746162 
 1635      6C6500
 1636              	.LASF15:
 1637 017b 75696E74 		.ascii	"uint32\000"
 1637      333200
 1638              	.LASF0:
 1639 0182 756E7369 		.ascii	"unsigned int\000"
 1639      676E6564 
 1639      20696E74 
 1639      00
 1640              	.LASF48:
 1641 018f 63796669 		.ascii	"cyfitter_cfg\000"
 1641      74746572 
 1641      5F636667 
 1641      00
 1642              	.LASF32:
 1643 019c 61646472 		.ascii	"address\000"
 1643      65737300 
 1644              	.LASF9:
 1645 01a4 6C6F6E67 		.ascii	"long long unsigned int\000"
 1645      206C6F6E 
 1645      6720756E 
 1645      7369676E 
 1645      65642069 
 1646              	.LASF44:
 1647 01bb 474E5520 		.ascii	"GNU C11 5.4.1 20160609 (release) [ARM/embedded-5-br"
 1647      43313120 
 1647      352E342E 
 1647      31203230 
 1647      31363036 
 1648 01ee 616E6368 		.ascii	"anch revision 237715] -mcpu=cortex-m0 -mthumb -g -O"
 1648      20726576 
 1648      6973696F 
 1648      6E203233 
 1648      37373135 
 1649 0221 67202D66 		.ascii	"g -ffunction-sections -ffat-lto-objects\000"
 1649      66756E63 
 1649      74696F6E 
 1649      2D736563 
 1649      74696F6E 
 1650              	.LASF34:
 1651 0249 6366675F 		.ascii	"cfg_memset_t\000"
 1651      6D656D73 
 1651      65745F74 
 1651      00
 1652              	.LASF25:
 1653 0256 62617365 		.ascii	"baseAddr\000"
ARM GAS  C:\Users\Ade0n\AppData\Local\Temp\ccn3nftU.s 			page 39


 1653      41646472 
 1653      00
 1654              	.LASF10:
 1655 025f 73697A65 		.ascii	"sizetype\000"
 1655      74797065 
 1655      00
 1656              	.LASF6:
 1657 0268 73686F72 		.ascii	"short unsigned int\000"
 1657      7420756E 
 1657      7369676E 
 1657      65642069 
 1657      6E7400
 1658              	.LASF1:
 1659 027b 6C6F6E67 		.ascii	"long long int\000"
 1659      206C6F6E 
 1659      6720696E 
 1659      7400
 1660              	.LASF41:
 1661 0289 43794465 		.ascii	"CyDelayUs\000"
 1661      6C617955 
 1661      7300
 1662              	.LASF11:
 1663 0293 63686172 		.ascii	"char\000"
 1663      00
 1664              	.LASF40:
 1665 0298 43795379 		.ascii	"CySysClkEcoStart\000"
 1665      73436C6B 
 1665      45636F53 
 1665      74617274 
 1665      00
 1666              	.LASF22:
 1667 02a9 63795F63 		.ascii	"cy_cfg_addrvalue_t\000"
 1667      66675F61 
 1667      64647276 
 1667      616C7565 
 1667      5F7400
 1668              	.LASF20:
 1669 02bc 6F666673 		.ascii	"offset\000"
 1669      657400
 1670              	.LASF5:
 1671 02c3 73686F72 		.ascii	"short int\000"
 1671      7420696E 
 1671      7400
 1672              	.LASF39:
 1673 02cd 43795379 		.ascii	"CySysClkWriteImoFreq\000"
 1673      73436C6B 
 1673      57726974 
 1673      65496D6F 
 1673      46726571 
 1674              	.LASF7:
 1675 02e2 6C6F6E67 		.ascii	"long int\000"
 1675      20696E74 
 1675      00
 1676              	.LASF2:
 1677 02eb 6C6F6E67 		.ascii	"long double\000"
 1677      20646F75 
 1677      626C6500 
ARM GAS  C:\Users\Ade0n\AppData\Local\Temp\ccn3nftU.s 			page 40


 1678              	.LASF3:
 1679 02f7 7369676E 		.ascii	"signed char\000"
 1679      65642063 
 1679      68617200 
 1680              	.LASF45:
 1681 0303 47656E65 		.ascii	"Generated_Source\\PSoC4\\cyfitter_cfg.c\000"
 1681      72617465 
 1681      645F536F 
 1681      75726365 
 1681      5C50536F 
 1682              		.ident	"GCC: (GNU Tools for ARM Embedded Processors) 5.4.1 20160609 (release) [ARM/embedded-5-bran
